{"/Users/saima.javaid/Documents/Saima/KiroProject/src/App.js": {"path":"/Users/saima.javaid/Documents/Saima/KiroProject/src/App.js","statementMap":{"0":{"start":{"line":16,"column":36},"end":{"line":16,"column":48}},"1":{"start":{"line":17,"column":34},"end":{"line":17,"column":46}},"2":{"start":{"line":18,"column":40},"end":{"line":23,"column":4}},"3":{"start":{"line":24,"column":52},"end":{"line":24,"column":66}},"4":{"start":{"line":26,"column":2},"end":{"line":163,"column":4}},"5":{"start":{"line":167,"column":2},"end":{"line":212,"column":4}}},"fnMap":{"0":{"name":"App","decl":{"start":{"line":15,"column":9},"end":{"line":15,"column":12}},"loc":{"start":{"line":15,"column":15},"end":{"line":164,"column":1}},"line":15},"1":{"name":"HomePage","decl":{"start":{"line":166,"column":9},"end":{"line":166,"column":17}},"loc":{"start":{"line":166,"column":20},"end":{"line":213,"column":1}},"line":166}},"branchMap":{},"s":{"0":6,"1":6,"2":6,"3":6,"4":6,"5":4},"f":{"0":6,"1":4},"b":{},"_coverageSchema":"1a1c01bbd47fc00a2c39e90264f33305004495a9","hash":"9b0691a2572be868bf75f241b44d4c4cdc085143"}
,"/Users/saima.javaid/Documents/Saima/KiroProject/src/index.js": {"path":"/Users/saima.javaid/Documents/Saima/KiroProject/src/index.js","statementMap":{"0":{"start":{"line":6,"column":13},"end":{"line":6,"column":65}},"1":{"start":{"line":7,"column":0},"end":{"line":11,"column":2}}},"fnMap":{},"branchMap":{},"s":{"0":0,"1":0},"f":{},"b":{}}
,"/Users/saima.javaid/Documents/Saima/KiroProject/src/components/GroceryInventory.js": {"path":"/Users/saima.javaid/Documents/Saima/KiroProject/src/components/GroceryInventory.js","statementMap":{"0":{"start":{"line":6,"column":32},"end":{"line":6,"column":44}},"1":{"start":{"line":7,"column":34},"end":{"line":7,"column":46}},"2":{"start":{"line":9,"column":21},"end":{"line":21,"column":3}},"3":{"start":{"line":10,"column":4},"end":{"line":10,"column":23}},"4":{"start":{"line":11,"column":4},"end":{"line":20,"column":5}},"5":{"start":{"line":12,"column":6},"end":{"line":17,"column":10}},"6":{"start":{"line":12,"column":27},"end":{"line":17,"column":8}},"7":{"start":{"line":18,"column":6},"end":{"line":18,"column":21}},"8":{"start":{"line":19,"column":6},"end":{"line":19,"column":22}},"9":{"start":{"line":23,"column":24},"end":{"line":25,"column":3}},"10":{"start":{"line":24,"column":4},"end":{"line":24,"column":62}},"11":{"start":{"line":24,"column":25},"end":{"line":24,"column":60}},"12":{"start":{"line":24,"column":45},"end":{"line":24,"column":59}},"13":{"start":{"line":27,"column":25},"end":{"line":31,"column":3}},"14":{"start":{"line":28,"column":4},"end":{"line":30,"column":7}},"15":{"start":{"line":28,"column":25},"end":{"line":30,"column":5}},"16":{"start":{"line":29,"column":6},"end":{"line":29,"column":64}},"17":{"start":{"line":33,"column":2},"end":{"line":110,"column":4}},"18":{"start":{"line":53,"column":29},"end":{"line":53,"column":55}},"19":{"start":{"line":60,"column":29},"end":{"line":60,"column":56}},"20":{"start":{"line":78,"column":14},"end":{"line":97,"column":20}},"21":{"start":{"line":85,"column":39},"end":{"line":85,"column":78}},"22":{"start":{"line":92,"column":33},"end":{"line":92,"column":55}}},"fnMap":{"0":{"name":"GroceryInventory","decl":{"start":{"line":5,"column":9},"end":{"line":5,"column":25}},"loc":{"start":{"line":5,"column":55},"end":{"line":111,"column":1}},"line":5},"1":{"name":"(anonymous_1)","decl":{"start":{"line":9,"column":21},"end":{"line":9,"column":22}},"loc":{"start":{"line":9,"column":28},"end":{"line":21,"column":3}},"line":9},"2":{"name":"(anonymous_2)","decl":{"start":{"line":12,"column":19},"end":{"line":12,"column":20}},"loc":{"start":{"line":12,"column":27},"end":{"line":17,"column":8}},"line":12},"3":{"name":"(anonymous_3)","decl":{"start":{"line":23,"column":24},"end":{"line":23,"column":25}},"loc":{"start":{"line":23,"column":32},"end":{"line":25,"column":3}},"line":23},"4":{"name":"(anonymous_4)","decl":{"start":{"line":24,"column":17},"end":{"line":24,"column":18}},"loc":{"start":{"line":24,"column":25},"end":{"line":24,"column":60}},"line":24},"5":{"name":"(anonymous_5)","decl":{"start":{"line":24,"column":37},"end":{"line":24,"column":38}},"loc":{"start":{"line":24,"column":45},"end":{"line":24,"column":59}},"line":24},"6":{"name":"(anonymous_6)","decl":{"start":{"line":27,"column":25},"end":{"line":27,"column":26}},"loc":{"start":{"line":27,"column":46},"end":{"line":31,"column":3}},"line":27},"7":{"name":"(anonymous_7)","decl":{"start":{"line":28,"column":17},"end":{"line":28,"column":18}},"loc":{"start":{"line":28,"column":25},"end":{"line":30,"column":5}},"line":28},"8":{"name":"(anonymous_8)","decl":{"start":{"line":28,"column":34},"end":{"line":28,"column":35}},"loc":{"start":{"line":29,"column":6},"end":{"line":29,"column":64}},"line":29},"9":{"name":"(anonymous_9)","decl":{"start":{"line":53,"column":22},"end":{"line":53,"column":23}},"loc":{"start":{"line":53,"column":29},"end":{"line":53,"column":55}},"line":53},"10":{"name":"(anonymous_10)","decl":{"start":{"line":60,"column":22},"end":{"line":60,"column":23}},"loc":{"start":{"line":60,"column":29},"end":{"line":60,"column":56}},"line":60},"11":{"name":"(anonymous_11)","decl":{"start":{"line":77,"column":27},"end":{"line":77,"column":28}},"loc":{"start":{"line":78,"column":14},"end":{"line":97,"column":20}},"line":78},"12":{"name":"(anonymous_12)","decl":{"start":{"line":85,"column":32},"end":{"line":85,"column":33}},"loc":{"start":{"line":85,"column":39},"end":{"line":85,"column":78}},"line":85},"13":{"name":"(anonymous_13)","decl":{"start":{"line":92,"column":27},"end":{"line":92,"column":28}},"loc":{"start":{"line":92,"column":33},"end":{"line":92,"column":55}},"line":92}},"branchMap":{"0":{"loc":{"start":{"line":11,"column":4},"end":{"line":20,"column":5}},"type":"if","locations":[{"start":{"line":11,"column":4},"end":{"line":20,"column":5}},{"start":{},"end":{}}],"line":11},"1":{"loc":{"start":{"line":15,"column":18},"end":{"line":15,"column":33}},"type":"binary-expr","locations":[{"start":{"line":15,"column":18},"end":{"line":15,"column":26}},{"start":{"line":15,"column":30},"end":{"line":15,"column":33}}],"line":15},"2":{"loc":{"start":{"line":29,"column":6},"end":{"line":29,"column":64}},"type":"cond-expr","locations":[{"start":{"line":29,"column":23},"end":{"line":29,"column":57}},{"start":{"line":29,"column":60},"end":{"line":29,"column":64}}],"line":29},"3":{"loc":{"start":{"line":41,"column":11},"end":{"line":45,"column":11}},"type":"binary-expr","locations":[{"start":{"line":41,"column":11},"end":{"line":41,"column":31}},{"start":{"line":42,"column":12},"end":{"line":44,"column":19}}],"line":41},"4":{"loc":{"start":{"line":69,"column":9},"end":{"line":100,"column":9}},"type":"cond-expr","locations":[{"start":{"line":70,"column":10},"end":{"line":74,"column":16}},{"start":{"line":76,"column":10},"end":{"line":99,"column":16}}],"line":69}},"s":{"0":9,"1":9,"2":9,"3":0,"4":0,"5":0,"6":0,"7":0,"8":0,"9":9,"10":0,"11":0,"12":0,"13":9,"14":0,"15":0,"16":0,"17":9,"18":0,"19":0,"20":6,"21":0,"22":0},"f":{"0":9,"1":0,"2":0,"3":0,"4":0,"5":0,"6":0,"7":0,"8":0,"9":0,"10":0,"11":6,"12":0,"13":0},"b":{"0":[0,0],"1":[0,0],"2":[0,0],"3":[9,4],"4":[5,4]},"_coverageSchema":"1a1c01bbd47fc00a2c39e90264f33305004495a9","hash":"4ae40bfb3edfa422a248ec6566bc7242b47a91e0"}
,"/Users/saima.javaid/Documents/Saima/KiroProject/src/components/GroceryManager.js": {"path":"/Users/saima.javaid/Documents/Saima/KiroProject/src/components/GroceryManager.js","statementMap":{"0":{"start":{"line":5,"column":26},"end":{"line":42,"column":1}},"1":{"start":{"line":45,"column":42},"end":{"line":45,"column":54}},"2":{"start":{"line":46,"column":48},"end":{"line":46,"column":62}},"3":{"start":{"line":47,"column":52},"end":{"line":47,"column":67}},"4":{"start":{"line":50,"column":2},"end":{"line":91,"column":28}},"5":{"start":{"line":51,"column":33},"end":{"line":88,"column":5}},"6":{"start":{"line":52,"column":32},"end":{"line":52,"column":41}},"7":{"start":{"line":55,"column":6},"end":{"line":67,"column":9}},"8":{"start":{"line":56,"column":8},"end":{"line":66,"column":11}},"9":{"start":{"line":57,"column":10},"end":{"line":65,"column":13}},"10":{"start":{"line":58,"column":24},"end":{"line":58,"column":55}},"11":{"start":{"line":59,"column":12},"end":{"line":63,"column":15}},"12":{"start":{"line":64,"column":12},"end":{"line":64,"column":67}},"13":{"start":{"line":70,"column":35},"end":{"line":72,"column":7}},"14":{"start":{"line":71,"column":30},"end":{"line":71,"column":60}},"15":{"start":{"line":75,"column":28},"end":{"line":85,"column":11}},"16":{"start":{"line":76,"column":27},"end":{"line":76,"column":57}},"17":{"start":{"line":77,"column":31},"end":{"line":85,"column":9}},"18":{"start":{"line":87,"column":6},"end":{"line":87,"column":37}},"19":{"start":{"line":90,"column":4},"end":{"line":90,"column":27}},"20":{"start":{"line":93,"column":35},"end":{"line":110,"column":3}},"21":{"start":{"line":94,"column":23},"end":{"line":101,"column":5}},"22":{"start":{"line":103,"column":28},"end":{"line":103,"column":52}},"23":{"start":{"line":104,"column":4},"end":{"line":108,"column":5}},"24":{"start":{"line":105,"column":6},"end":{"line":107,"column":7}},"25":{"start":{"line":105,"column":29},"end":{"line":105,"column":93}},"26":{"start":{"line":106,"column":8},"end":{"line":106,"column":24}},"27":{"start":{"line":109,"column":4},"end":{"line":109,"column":19}},"28":{"start":{"line":112,"column":28},"end":{"line":124,"column":3}},"29":{"start":{"line":113,"column":19},"end":{"line":117,"column":5}},"30":{"start":{"line":119,"column":28},"end":{"line":119,"column":52}},"31":{"start":{"line":120,"column":4},"end":{"line":122,"column":5}},"32":{"start":{"line":121,"column":6},"end":{"line":121,"column":55}},"33":{"start":{"line":121,"column":42},"end":{"line":121,"column":55}},"34":{"start":{"line":123,"column":4},"end":{"line":123,"column":33}},"35":{"start":{"line":126,"column":29},"end":{"line":130,"column":3}},"36":{"start":{"line":127,"column":4},"end":{"line":129,"column":7}},"37":{"start":{"line":127,"column":28},"end":{"line":129,"column":5}},"38":{"start":{"line":128,"column":6},"end":{"line":128,"column":69}},"39":{"start":{"line":132,"column":25},"end":{"line":143,"column":3}},"40":{"start":{"line":133,"column":4},"end":{"line":139,"column":8}},"41":{"start":{"line":133,"column":25},"end":{"line":139,"column":6}},"42":{"start":{"line":142,"column":4},"end":{"line":142,"column":86}},"43":{"start":{"line":142,"column":28},"end":{"line":142,"column":84}},"44":{"start":{"line":142,"column":56},"end":{"line":142,"column":83}},"45":{"start":{"line":145,"column":27},"end":{"line":164,"column":3}},"46":{"start":{"line":146,"column":25},"end":{"line":146,"column":66}},"47":{"start":{"line":146,"column":53},"end":{"line":146,"column":65}},"48":{"start":{"line":147,"column":22},"end":{"line":147,"column":87}},"49":{"start":{"line":147,"column":57},"end":{"line":147,"column":83}},"50":{"start":{"line":149,"column":4},"end":{"line":155,"column":7}},"51":{"start":{"line":157,"column":4},"end":{"line":157,"column":32}},"52":{"start":{"line":160,"column":4},"end":{"line":163,"column":13}},"53":{"start":{"line":161,"column":6},"end":{"line":161,"column":57}},"54":{"start":{"line":161,"column":35},"end":{"line":161,"column":55}},"55":{"start":{"line":162,"column":6},"end":{"line":162,"column":33}},"56":{"start":{"line":166,"column":32},"end":{"line":172,"column":3}},"57":{"start":{"line":167,"column":22},"end":{"line":169,"column":59}},"58":{"start":{"line":168,"column":22},"end":{"line":168,"column":34}},"59":{"start":{"line":169,"column":29},"end":{"line":169,"column":55}},"60":{"start":{"line":171,"column":4},"end":{"line":171,"column":81}},"61":{"start":{"line":174,"column":30},"end":{"line":179,"column":8}},"62":{"start":{"line":175,"column":21},"end":{"line":175,"column":34}},"63":{"start":{"line":176,"column":4},"end":{"line":176,"column":49}},"64":{"start":{"line":176,"column":27},"end":{"line":176,"column":49}},"65":{"start":{"line":177,"column":4},"end":{"line":177,"column":32}},"66":{"start":{"line":178,"column":4},"end":{"line":178,"column":18}},"67":{"start":{"line":181,"column":2},"end":{"line":375,"column":4}},"68":{"start":{"line":226,"column":71},"end":{"line":226,"column":83}},"69":{"start":{"line":250,"column":18},"end":{"line":250,"column":90}},"70":{"start":{"line":250,"column":42},"end":{"line":250,"column":88}},"71":{"start":{"line":250,"column":60},"end":{"line":250,"column":86}},"72":{"start":{"line":258,"column":18},"end":{"line":258,"column":91}},"73":{"start":{"line":258,"column":42},"end":{"line":258,"column":89}},"74":{"start":{"line":258,"column":60},"end":{"line":258,"column":87}},"75":{"start":{"line":265,"column":31},"end":{"line":265,"column":57}},"76":{"start":{"line":267,"column":54},"end":{"line":267,"column":66}},"77":{"start":{"line":270,"column":61},"end":{"line":270,"column":73}},"78":{"start":{"line":276,"column":16},"end":{"line":311,"column":22}},"79":{"start":{"line":280,"column":22},"end":{"line":308,"column":28}},"80":{"start":{"line":283,"column":43},"end":{"line":283,"column":70}},"81":{"start":{"line":302,"column":41},"end":{"line":302,"column":61}},"82":{"start":{"line":319,"column":54},"end":{"line":319,"column":81}},"83":{"start":{"line":320,"column":64},"end":{"line":320,"column":83}},"84":{"start":{"line":322,"column":44},"end":{"line":322,"column":56}},"85":{"start":{"line":326,"column":16},"end":{"line":344,"column":22}},"86":{"start":{"line":329,"column":33},"end":{"line":329,"column":60}},"87":{"start":{"line":360,"column":31},"end":{"line":360,"column":91}},"88":{"start":{"line":367,"column":37},"end":{"line":367,"column":64}}},"fnMap":{"0":{"name":"GroceryManager","decl":{"start":{"line":44,"column":9},"end":{"line":44,"column":23}},"loc":{"start":{"line":44,"column":104},"end":{"line":376,"column":1}},"line":44},"1":{"name":"(anonymous_1)","decl":{"start":{"line":50,"column":12},"end":{"line":50,"column":13}},"loc":{"start":{"line":50,"column":18},"end":{"line":91,"column":3}},"line":50},"2":{"name":"(anonymous_2)","decl":{"start":{"line":51,"column":33},"end":{"line":51,"column":34}},"loc":{"start":{"line":51,"column":39},"end":{"line":88,"column":5}},"line":51},"3":{"name":"(anonymous_3)","decl":{"start":{"line":55,"column":38},"end":{"line":55,"column":39}},"loc":{"start":{"line":55,"column":47},"end":{"line":67,"column":7}},"line":55},"4":{"name":"(anonymous_4)","decl":{"start":{"line":56,"column":22},"end":{"line":56,"column":23}},"loc":{"start":{"line":56,"column":30},"end":{"line":66,"column":9}},"line":56},"5":{"name":"(anonymous_5)","decl":{"start":{"line":57,"column":35},"end":{"line":57,"column":36}},"loc":{"start":{"line":57,"column":49},"end":{"line":65,"column":11}},"line":57},"6":{"name":"(anonymous_6)","decl":{"start":{"line":71,"column":22},"end":{"line":71,"column":23}},"loc":{"start":{"line":71,"column":30},"end":{"line":71,"column":60}},"line":71},"7":{"name":"(anonymous_7)","decl":{"start":{"line":76,"column":16},"end":{"line":76,"column":17}},"loc":{"start":{"line":76,"column":27},"end":{"line":76,"column":57}},"line":76},"8":{"name":"(anonymous_8)","decl":{"start":{"line":77,"column":13},"end":{"line":77,"column":14}},"loc":{"start":{"line":77,"column":31},"end":{"line":85,"column":9}},"line":77},"9":{"name":"(anonymous_9)","decl":{"start":{"line":93,"column":35},"end":{"line":93,"column":36}},"loc":{"start":{"line":93,"column":51},"end":{"line":110,"column":3}},"line":93},"10":{"name":"(anonymous_10)","decl":{"start":{"line":105,"column":21},"end":{"line":105,"column":22}},"loc":{"start":{"line":105,"column":29},"end":{"line":105,"column":93}},"line":105},"11":{"name":"(anonymous_11)","decl":{"start":{"line":112,"column":28},"end":{"line":112,"column":29}},"loc":{"start":{"line":112,"column":44},"end":{"line":124,"column":3}},"line":112},"12":{"name":"(anonymous_12)","decl":{"start":{"line":126,"column":29},"end":{"line":126,"column":30}},"loc":{"start":{"line":126,"column":41},"end":{"line":130,"column":3}},"line":126},"13":{"name":"(anonymous_13)","decl":{"start":{"line":127,"column":20},"end":{"line":127,"column":21}},"loc":{"start":{"line":127,"column":28},"end":{"line":129,"column":5}},"line":127},"14":{"name":"(anonymous_14)","decl":{"start":{"line":127,"column":37},"end":{"line":127,"column":38}},"loc":{"start":{"line":128,"column":6},"end":{"line":128,"column":69}},"line":128},"15":{"name":"(anonymous_15)","decl":{"start":{"line":132,"column":25},"end":{"line":132,"column":26}},"loc":{"start":{"line":132,"column":35},"end":{"line":143,"column":3}},"line":132},"16":{"name":"(anonymous_16)","decl":{"start":{"line":133,"column":17},"end":{"line":133,"column":18}},"loc":{"start":{"line":133,"column":25},"end":{"line":139,"column":6}},"line":133},"17":{"name":"(anonymous_17)","decl":{"start":{"line":142,"column":20},"end":{"line":142,"column":21}},"loc":{"start":{"line":142,"column":28},"end":{"line":142,"column":84}},"line":142},"18":{"name":"(anonymous_18)","decl":{"start":{"line":142,"column":40},"end":{"line":142,"column":41}},"loc":{"start":{"line":142,"column":56},"end":{"line":142,"column":83}},"line":142},"19":{"name":"(anonymous_19)","decl":{"start":{"line":145,"column":27},"end":{"line":145,"column":28}},"loc":{"start":{"line":145,"column":54},"end":{"line":164,"column":3}},"line":145},"20":{"name":"(anonymous_20)","decl":{"start":{"line":146,"column":45},"end":{"line":146,"column":46}},"loc":{"start":{"line":146,"column":53},"end":{"line":146,"column":65}},"line":146},"21":{"name":"(anonymous_21)","decl":{"start":{"line":147,"column":42},"end":{"line":147,"column":43}},"loc":{"start":{"line":147,"column":57},"end":{"line":147,"column":83}},"line":147},"22":{"name":"(anonymous_22)","decl":{"start":{"line":160,"column":15},"end":{"line":160,"column":16}},"loc":{"start":{"line":160,"column":21},"end":{"line":163,"column":5}},"line":160},"23":{"name":"(anonymous_23)","decl":{"start":{"line":161,"column":27},"end":{"line":161,"column":28}},"loc":{"start":{"line":161,"column":35},"end":{"line":161,"column":55}},"line":161},"24":{"name":"(anonymous_24)","decl":{"start":{"line":166,"column":32},"end":{"line":166,"column":33}},"loc":{"start":{"line":166,"column":38},"end":{"line":172,"column":3}},"line":166},"25":{"name":"(anonymous_25)","decl":{"start":{"line":168,"column":14},"end":{"line":168,"column":15}},"loc":{"start":{"line":168,"column":22},"end":{"line":168,"column":34}},"line":168},"26":{"name":"(anonymous_26)","decl":{"start":{"line":169,"column":14},"end":{"line":169,"column":15}},"loc":{"start":{"line":169,"column":29},"end":{"line":169,"column":55}},"line":169},"27":{"name":"(anonymous_27)","decl":{"start":{"line":174,"column":50},"end":{"line":174,"column":51}},"loc":{"start":{"line":174,"column":68},"end":{"line":179,"column":3}},"line":174},"28":{"name":"(anonymous_28)","decl":{"start":{"line":226,"column":63},"end":{"line":226,"column":64}},"loc":{"start":{"line":226,"column":71},"end":{"line":226,"column":83}},"line":226},"29":{"name":"(anonymous_29)","decl":{"start":{"line":249,"column":25},"end":{"line":249,"column":26}},"loc":{"start":{"line":249,"column":31},"end":{"line":251,"column":17}},"line":249},"30":{"name":"(anonymous_30)","decl":{"start":{"line":250,"column":34},"end":{"line":250,"column":35}},"loc":{"start":{"line":250,"column":42},"end":{"line":250,"column":88}},"line":250},"31":{"name":"(anonymous_31)","decl":{"start":{"line":250,"column":51},"end":{"line":250,"column":52}},"loc":{"start":{"line":250,"column":60},"end":{"line":250,"column":86}},"line":250},"32":{"name":"(anonymous_32)","decl":{"start":{"line":257,"column":25},"end":{"line":257,"column":26}},"loc":{"start":{"line":257,"column":31},"end":{"line":259,"column":17}},"line":257},"33":{"name":"(anonymous_33)","decl":{"start":{"line":258,"column":34},"end":{"line":258,"column":35}},"loc":{"start":{"line":258,"column":42},"end":{"line":258,"column":89}},"line":258},"34":{"name":"(anonymous_34)","decl":{"start":{"line":258,"column":51},"end":{"line":258,"column":52}},"loc":{"start":{"line":258,"column":60},"end":{"line":258,"column":87}},"line":258},"35":{"name":"(anonymous_35)","decl":{"start":{"line":265,"column":25},"end":{"line":265,"column":26}},"loc":{"start":{"line":265,"column":31},"end":{"line":265,"column":57}},"line":265},"36":{"name":"(anonymous_36)","decl":{"start":{"line":267,"column":46},"end":{"line":267,"column":47}},"loc":{"start":{"line":267,"column":54},"end":{"line":267,"column":66}},"line":267},"37":{"name":"(anonymous_37)","decl":{"start":{"line":270,"column":53},"end":{"line":270,"column":54}},"loc":{"start":{"line":270,"column":61},"end":{"line":270,"column":73}},"line":270},"38":{"name":"(anonymous_38)","decl":{"start":{"line":275,"column":55},"end":{"line":275,"column":56}},"loc":{"start":{"line":276,"column":16},"end":{"line":311,"column":22}},"line":276},"39":{"name":"(anonymous_39)","decl":{"start":{"line":279,"column":31},"end":{"line":279,"column":32}},"loc":{"start":{"line":280,"column":22},"end":{"line":308,"column":28}},"line":280},"40":{"name":"(anonymous_40)","decl":{"start":{"line":283,"column":37},"end":{"line":283,"column":38}},"loc":{"start":{"line":283,"column":43},"end":{"line":283,"column":70}},"line":283},"41":{"name":"(anonymous_41)","decl":{"start":{"line":302,"column":35},"end":{"line":302,"column":36}},"loc":{"start":{"line":302,"column":41},"end":{"line":302,"column":61}},"line":302},"42":{"name":"(anonymous_42)","decl":{"start":{"line":319,"column":48},"end":{"line":319,"column":49}},"loc":{"start":{"line":319,"column":54},"end":{"line":319,"column":81}},"line":319},"43":{"name":"(anonymous_43)","decl":{"start":{"line":320,"column":57},"end":{"line":320,"column":58}},"loc":{"start":{"line":320,"column":64},"end":{"line":320,"column":83}},"line":320},"44":{"name":"(anonymous_44)","decl":{"start":{"line":322,"column":36},"end":{"line":322,"column":37}},"loc":{"start":{"line":322,"column":44},"end":{"line":322,"column":56}},"line":322},"45":{"name":"(anonymous_45)","decl":{"start":{"line":325,"column":37},"end":{"line":325,"column":38}},"loc":{"start":{"line":326,"column":16},"end":{"line":344,"column":22}},"line":326},"46":{"name":"(anonymous_46)","decl":{"start":{"line":329,"column":27},"end":{"line":329,"column":28}},"loc":{"start":{"line":329,"column":33},"end":{"line":329,"column":60}},"line":329},"47":{"name":"(anonymous_47)","decl":{"start":{"line":360,"column":25},"end":{"line":360,"column":26}},"loc":{"start":{"line":360,"column":31},"end":{"line":360,"column":91}},"line":360},"48":{"name":"(anonymous_48)","decl":{"start":{"line":367,"column":31},"end":{"line":367,"column":32}},"loc":{"start":{"line":367,"column":37},"end":{"line":367,"column":64}},"line":367}},"branchMap":{"0":{"loc":{"start":{"line":62,"column":27},"end":{"line":62,"column":72}},"type":"binary-expr","locations":[{"start":{"line":62,"column":27},"end":{"line":62,"column":66}},{"start":{"line":62,"column":70},"end":{"line":62,"column":72}}],"line":62},"1":{"loc":{"start":{"line":105,"column":6},"end":{"line":107,"column":7}},"type":"if","locations":[{"start":{"line":105,"column":6},"end":{"line":107,"column":7}},{"start":{},"end":{}}],"line":105},"2":{"loc":{"start":{"line":105,"column":29},"end":{"line":105,"column":93}},"type":"binary-expr","locations":[{"start":{"line":105,"column":29},"end":{"line":105,"column":59}},{"start":{"line":105,"column":63},"end":{"line":105,"column":93}}],"line":105},"3":{"loc":{"start":{"line":121,"column":6},"end":{"line":121,"column":55}},"type":"if","locations":[{"start":{"line":121,"column":6},"end":{"line":121,"column":55}},{"start":{},"end":{}}],"line":121},"4":{"loc":{"start":{"line":128,"column":6},"end":{"line":128,"column":69}},"type":"cond-expr","locations":[{"start":{"line":128,"column":27},"end":{"line":128,"column":62}},{"start":{"line":128,"column":65},"end":{"line":128,"column":69}}],"line":128},"5":{"loc":{"start":{"line":171,"column":11},"end":{"line":171,"column":80}},"type":"cond-expr","locations":[{"start":{"line":171,"column":29},"end":{"line":171,"column":68}},{"start":{"line":171,"column":71},"end":{"line":171,"column":80}}],"line":171},"6":{"loc":{"start":{"line":176,"column":4},"end":{"line":176,"column":49}},"type":"if","locations":[{"start":{"line":176,"column":4},"end":{"line":176,"column":49}},{"start":{},"end":{}}],"line":176},"7":{"loc":{"start":{"line":202,"column":9},"end":{"line":218,"column":9}},"type":"binary-expr","locations":[{"start":{"line":202,"column":9},"end":{"line":202,"column":26}},{"start":{"line":203,"column":10},"end":{"line":217,"column":16}}],"line":202},"8":{"loc":{"start":{"line":239,"column":9},"end":{"line":315,"column":9}},"type":"cond-expr","locations":[{"start":{"line":240,"column":10},"end":{"line":244,"column":16}},{"start":{"line":246,"column":10},"end":{"line":314,"column":13}}],"line":239},"9":{"loc":{"start":{"line":280,"column":69},"end":{"line":280,"column":98}},"type":"cond-expr","locations":[{"start":{"line":280,"column":84},"end":{"line":280,"column":93}},{"start":{"line":280,"column":96},"end":{"line":280,"column":98}}],"line":280},"10":{"loc":{"start":{"line":284,"column":51},"end":{"line":284,"column":80}},"type":"cond-expr","locations":[{"start":{"line":284,"column":66},"end":{"line":284,"column":75}},{"start":{"line":284,"column":78},"end":{"line":284,"column":80}}],"line":284},"11":{"loc":{"start":{"line":286,"column":29},"end":{"line":286,"column":64}},"type":"binary-expr","locations":[{"start":{"line":286,"column":29},"end":{"line":286,"column":41}},{"start":{"line":286,"column":45},"end":{"line":286,"column":64}}],"line":286},"12":{"loc":{"start":{"line":296,"column":31},"end":{"line":296,"column":101}},"type":"binary-expr","locations":[{"start":{"line":296,"column":31},"end":{"line":296,"column":58}},{"start":{"line":296,"column":62},"end":{"line":296,"column":101}}],"line":296},"13":{"loc":{"start":{"line":318,"column":7},"end":{"line":373,"column":7}},"type":"binary-expr","locations":[{"start":{"line":318,"column":7},"end":{"line":318,"column":24}},{"start":{"line":319,"column":8},"end":{"line":372,"column":14}}],"line":318},"14":{"loc":{"start":{"line":328,"column":45},"end":{"line":328,"column":97}},"type":"cond-expr","locations":[{"start":{"line":328,"column":82},"end":{"line":328,"column":92}},{"start":{"line":328,"column":95},"end":{"line":328,"column":97}}],"line":328},"15":{"loc":{"start":{"line":340,"column":23},"end":{"line":340,"column":103}},"type":"cond-expr","locations":[{"start":{"line":340,"column":51},"end":{"line":340,"column":66}},{"start":{"line":340,"column":69},"end":{"line":340,"column":103}}],"line":340},"16":{"loc":{"start":{"line":360,"column":31},"end":{"line":360,"column":91}},"type":"binary-expr","locations":[{"start":{"line":360,"column":31},"end":{"line":360,"column":46}},{"start":{"line":360,"column":50},"end":{"line":360,"column":91}}],"line":360}},"s":{"0":2,"1":0,"2":0,"3":0,"4":0,"5":0,"6":0,"7":0,"8":0,"9":0,"10":0,"11":0,"12":0,"13":0,"14":0,"15":0,"16":0,"17":0,"18":0,"19":0,"20":0,"21":0,"22":0,"23":0,"24":0,"25":0,"26":0,"27":0,"28":0,"29":0,"30":0,"31":0,"32":0,"33":0,"34":0,"35":0,"36":0,"37":0,"38":0,"39":0,"40":0,"41":0,"42":0,"43":0,"44":0,"45":0,"46":0,"47":0,"48":0,"49":0,"50":0,"51":0,"52":0,"53":0,"54":0,"55":0,"56":0,"57":0,"58":0,"59":0,"60":0,"61":0,"62":0,"63":0,"64":0,"65":0,"66":0,"67":0,"68":0,"69":0,"70":0,"71":0,"72":0,"73":0,"74":0,"75":0,"76":0,"77":0,"78":0,"79":0,"80":0,"81":0,"82":0,"83":0,"84":0,"85":0,"86":0,"87":0,"88":0},"f":{"0":0,"1":0,"2":0,"3":0,"4":0,"5":0,"6":0,"7":0,"8":0,"9":0,"10":0,"11":0,"12":0,"13":0,"14":0,"15":0,"16":0,"17":0,"18":0,"19":0,"20":0,"21":0,"22":0,"23":0,"24":0,"25":0,"26":0,"27":0,"28":0,"29":0,"30":0,"31":0,"32":0,"33":0,"34":0,"35":0,"36":0,"37":0,"38":0,"39":0,"40":0,"41":0,"42":0,"43":0,"44":0,"45":0,"46":0,"47":0,"48":0},"b":{"0":[0,0],"1":[0,0],"2":[0,0],"3":[0,0],"4":[0,0],"5":[0,0],"6":[0,0],"7":[0,0],"8":[0,0],"9":[0,0],"10":[0,0],"11":[0,0],"12":[0,0],"13":[0,0],"14":[0,0],"15":[0,0],"16":[0,0]},"_coverageSchema":"1a1c01bbd47fc00a2c39e90264f33305004495a9","hash":"2bd361c80c6c550b007185b6e03376a9f4ed6d44"}
,"/Users/saima.javaid/Documents/Saima/KiroProject/src/components/IntegratedMealFlow.js": {"path":"/Users/saima.javaid/Documents/Saima/KiroProject/src/components/IntegratedMealFlow.js","statementMap":{"0":{"start":{"line":6,"column":40},"end":{"line":6,"column":51}},"1":{"start":{"line":7,"column":46},"end":{"line":7,"column":60}},"2":{"start":{"line":8,"column":19},"end":{"line":8,"column":32}},"3":{"start":{"line":10,"column":16},"end":{"line":15,"column":3}},"4":{"start":{"line":17,"column":26},"end":{"line":47,"column":3}},"5":{"start":{"line":25,"column":20},"end":{"line":25,"column":46}},"6":{"start":{"line":34,"column":20},"end":{"line":34,"column":46}},"7":{"start":{"line":45,"column":20},"end":{"line":45,"column":40}},"8":{"start":{"line":49,"column":30},"end":{"line":51,"column":3}},"9":{"start":{"line":50,"column":4},"end":{"line":50,"column":85}},"10":{"start":{"line":50,"column":60},"end":{"line":50,"column":80}},"11":{"start":{"line":53,"column":23},"end":{"line":91,"column":3}},"12":{"start":{"line":54,"column":22},"end":{"line":54,"column":43}},"13":{"start":{"line":55,"column":18},"end":{"line":55,"column":20}},"14":{"start":{"line":57,"column":4},"end":{"line":88,"column":5}},"15":{"start":{"line":58,"column":6},"end":{"line":63,"column":9}},"16":{"start":{"line":65,"column":6},"end":{"line":71,"column":9}},"17":{"start":{"line":73,"column":6},"end":{"line":79,"column":9}},"18":{"start":{"line":81,"column":6},"end":{"line":87,"column":9}},"19":{"start":{"line":90,"column":4},"end":{"line":90,"column":17}},"20":{"start":{"line":93,"column":2},"end":{"line":253,"column":4}},"21":{"start":{"line":107,"column":12},"end":{"line":115,"column":18}},"22":{"start":{"line":145,"column":14},"end":{"line":164,"column":20}},"23":{"start":{"line":157,"column":37},"end":{"line":157,"column":54}},"24":{"start":{"line":175,"column":16},"end":{"line":216,"column":22}},"25":{"start":{"line":178,"column":33},"end":{"line":178,"column":81}},"26":{"start":{"line":191,"column":24},"end":{"line":191,"column":50}},"27":{"start":{"line":208,"column":22},"end":{"line":208,"column":42}},"28":{"start":{"line":209,"column":22},"end":{"line":209,"column":60}},"29":{"start":{"line":209,"column":44},"end":{"line":209,"column":60}}},"fnMap":{"0":{"name":"IntegratedMealFlow","decl":{"start":{"line":5,"column":9},"end":{"line":5,"column":27}},"loc":{"start":{"line":5,"column":79},"end":{"line":254,"column":1}},"line":5},"1":{"name":"(anonymous_1)","decl":{"start":{"line":25,"column":14},"end":{"line":25,"column":15}},"loc":{"start":{"line":25,"column":20},"end":{"line":25,"column":46}},"line":25},"2":{"name":"(anonymous_2)","decl":{"start":{"line":34,"column":14},"end":{"line":34,"column":15}},"loc":{"start":{"line":34,"column":20},"end":{"line":34,"column":46}},"line":34},"3":{"name":"(anonymous_3)","decl":{"start":{"line":45,"column":14},"end":{"line":45,"column":15}},"loc":{"start":{"line":45,"column":20},"end":{"line":45,"column":40}},"line":45},"4":{"name":"(anonymous_4)","decl":{"start":{"line":49,"column":30},"end":{"line":49,"column":31}},"loc":{"start":{"line":49,"column":36},"end":{"line":51,"column":3}},"line":49},"5":{"name":"(anonymous_5)","decl":{"start":{"line":50,"column":42},"end":{"line":50,"column":43}},"loc":{"start":{"line":50,"column":60},"end":{"line":50,"column":80}},"line":50},"6":{"name":"(anonymous_6)","decl":{"start":{"line":53,"column":23},"end":{"line":53,"column":24}},"loc":{"start":{"line":53,"column":29},"end":{"line":91,"column":3}},"line":53},"7":{"name":"(anonymous_7)","decl":{"start":{"line":106,"column":21},"end":{"line":106,"column":22}},"loc":{"start":{"line":107,"column":12},"end":{"line":115,"column":18}},"line":107},"8":{"name":"(anonymous_8)","decl":{"start":{"line":144,"column":32},"end":{"line":144,"column":33}},"loc":{"start":{"line":145,"column":14},"end":{"line":164,"column":20}},"line":145},"9":{"name":"(anonymous_9)","decl":{"start":{"line":157,"column":31},"end":{"line":157,"column":32}},"loc":{"start":{"line":157,"column":37},"end":{"line":157,"column":54}},"line":157},"10":{"name":"(anonymous_10)","decl":{"start":{"line":174,"column":35},"end":{"line":174,"column":36}},"loc":{"start":{"line":175,"column":16},"end":{"line":216,"column":22}},"line":175},"11":{"name":"(anonymous_11)","decl":{"start":{"line":178,"column":27},"end":{"line":178,"column":28}},"loc":{"start":{"line":178,"column":33},"end":{"line":178,"column":81}},"line":178},"12":{"name":"(anonymous_12)","decl":{"start":{"line":190,"column":39},"end":{"line":190,"column":40}},"loc":{"start":{"line":191,"column":24},"end":{"line":191,"column":50}},"line":191},"13":{"name":"(anonymous_13)","decl":{"start":{"line":207,"column":29},"end":{"line":207,"column":30}},"loc":{"start":{"line":207,"column":36},"end":{"line":210,"column":21}},"line":207}},"branchMap":{"0":{"loc":{"start":{"line":57,"column":4},"end":{"line":88,"column":5}},"type":"if","locations":[{"start":{"line":57,"column":4},"end":{"line":88,"column":5}},{"start":{"line":64,"column":11},"end":{"line":88,"column":5}}],"line":57},"1":{"loc":{"start":{"line":107,"column":59},"end":{"line":107,"column":100}},"type":"cond-expr","locations":[{"start":{"line":107,"column":84},"end":{"line":107,"column":95}},{"start":{"line":107,"column":98},"end":{"line":107,"column":100}}],"line":107},"2":{"loc":{"start":{"line":109,"column":17},"end":{"line":109,"column":72}},"type":"cond-expr","locations":[{"start":{"line":109,"column":41},"end":{"line":109,"column":60}},{"start":{"line":109,"column":63},"end":{"line":109,"column":72}}],"line":109},"3":{"loc":{"start":{"line":112,"column":15},"end":{"line":114,"column":15}},"type":"binary-expr","locations":[{"start":{"line":112,"column":15},"end":{"line":112,"column":39}},{"start":{"line":113,"column":16},"end":{"line":113,"column":63}}],"line":112},"4":{"loc":{"start":{"line":133,"column":49},"end":{"line":133,"column":83}},"type":"binary-expr","locations":[{"start":{"line":133,"column":49},"end":{"line":133,"column":78}},{"start":{"line":133,"column":82},"end":{"line":133,"column":83}}],"line":133},"5":{"loc":{"start":{"line":151,"column":19},"end":{"line":162,"column":19}},"type":"cond-expr","locations":[{"start":{"line":152,"column":20},"end":{"line":154,"column":27}},{"start":{"line":156,"column":20},"end":{"line":161,"column":29}}],"line":151},"6":{"loc":{"start":{"line":170,"column":9},"end":{"line":220,"column":9}},"type":"binary-expr","locations":[{"start":{"line":170,"column":9},"end":{"line":170,"column":26}},{"start":{"line":171,"column":10},"end":{"line":219,"column":16}}],"line":170},"7":{"loc":{"start":{"line":177,"column":44},"end":{"line":177,"column":77}},"type":"cond-expr","locations":[{"start":{"line":177,"column":62},"end":{"line":177,"column":72}},{"start":{"line":177,"column":75},"end":{"line":177,"column":77}}],"line":177},"8":{"loc":{"start":{"line":177,"column":81},"end":{"line":177,"column":127}},"type":"cond-expr","locations":[{"start":{"line":177,"column":112},"end":{"line":177,"column":122}},{"start":{"line":177,"column":125},"end":{"line":177,"column":127}}],"line":177},"9":{"loc":{"start":{"line":178,"column":33},"end":{"line":178,"column":81}},"type":"binary-expr","locations":[{"start":{"line":178,"column":33},"end":{"line":178,"column":49}},{"start":{"line":178,"column":53},"end":{"line":178,"column":81}}],"line":178},"10":{"loc":{"start":{"line":200,"column":19},"end":{"line":204,"column":19}},"type":"binary-expr","locations":[{"start":{"line":200,"column":19},"end":{"line":200,"column":34}},{"start":{"line":201,"column":20},"end":{"line":203,"column":26}}],"line":200},"11":{"loc":{"start":{"line":209,"column":22},"end":{"line":209,"column":60}},"type":"if","locations":[{"start":{"line":209,"column":22},"end":{"line":209,"column":60}},{"start":{},"end":{}}],"line":209},"12":{"loc":{"start":{"line":211,"column":38},"end":{"line":211,"column":86}},"type":"cond-expr","locations":[{"start":{"line":211,"column":56},"end":{"line":211,"column":70}},{"start":{"line":211,"column":73},"end":{"line":211,"column":86}}],"line":211},"13":{"loc":{"start":{"line":214,"column":21},"end":{"line":214,"column":73}},"type":"cond-expr","locations":[{"start":{"line":214,"column":39},"end":{"line":214,"column":54}},{"start":{"line":214,"column":57},"end":{"line":214,"column":73}}],"line":214}},"s":{"0":0,"1":0,"2":0,"3":0,"4":0,"5":0,"6":0,"7":0,"8":0,"9":0,"10":0,"11":0,"12":0,"13":0,"14":0,"15":0,"16":0,"17":0,"18":0,"19":0,"20":0,"21":0,"22":0,"23":0,"24":0,"25":0,"26":0,"27":0,"28":0,"29":0},"f":{"0":0,"1":0,"2":0,"3":0,"4":0,"5":0,"6":0,"7":0,"8":0,"9":0,"10":0,"11":0,"12":0,"13":0},"b":{"0":[0,0],"1":[0,0],"2":[0,0],"3":[0,0],"4":[0,0],"5":[0,0],"6":[0,0],"7":[0,0],"8":[0,0],"9":[0,0],"10":[0,0],"11":[0,0],"12":[0,0],"13":[0,0]},"_coverageSchema":"1a1c01bbd47fc00a2c39e90264f33305004495a9","hash":"324ff04a03fcd7851dadbdb29adf5f536ac64124"}
,"/Users/saima.javaid/Documents/Saima/KiroProject/src/components/MealPlanner.js": {"path":"/Users/saima.javaid/Documents/Saima/KiroProject/src/components/MealPlanner.js","statementMap":{"0":{"start":{"line":7,"column":13},"end":{"line":7,"column":91}},"1":{"start":{"line":8,"column":19},"end":{"line":8,"column":61}},"2":{"start":{"line":11,"column":38},"end":{"line":11,"column":63}},"3":{"start":{"line":13,"column":2},"end":{"line":37,"column":4}},"4":{"start":{"line":17,"column":23},"end":{"line":17,"column":49}},"5":{"start":{"line":25,"column":66},"end":{"line":25,"column":85}},"6":{"start":{"line":41,"column":38},"end":{"line":41,"column":132}},"7":{"start":{"line":43,"column":26},"end":{"line":55,"column":3}},"8":{"start":{"line":44,"column":17},"end":{"line":44,"column":44}},"9":{"start":{"line":45,"column":4},"end":{"line":53,"column":7}},"10":{"start":{"line":46,"column":20},"end":{"line":46,"column":56}},"11":{"start":{"line":47,"column":6},"end":{"line":52,"column":9}},"12":{"start":{"line":48,"column":8},"end":{"line":51,"column":9}},"13":{"start":{"line":49,"column":10},"end":{"line":49,"column":53}},"14":{"start":{"line":50,"column":10},"end":{"line":50,"column":51}},"15":{"start":{"line":54,"column":4},"end":{"line":54,"column":18}},"16":{"start":{"line":57,"column":18},"end":{"line":57,"column":85}},"17":{"start":{"line":58,"column":20},"end":{"line":58,"column":37}},"18":{"start":{"line":60,"column":2},"end":{"line":141,"column":4}},"19":{"start":{"line":64,"column":23},"end":{"line":64,"column":49}},"20":{"start":{"line":82,"column":14},"end":{"line":82,"column":34}},"21":{"start":{"line":83,"column":14},"end":{"line":83,"column":37}},"22":{"start":{"line":95,"column":26},"end":{"line":95,"column":62}},"23":{"start":{"line":96,"column":12},"end":{"line":136,"column":14}},"24":{"start":{"line":102,"column":35},"end":{"line":102,"column":54}},"25":{"start":{"line":115,"column":22},"end":{"line":131,"column":28}},"26":{"start":{"line":126,"column":41},"end":{"line":126,"column":73}},"27":{"start":{"line":145,"column":40},"end":{"line":145,"column":58}},"28":{"start":{"line":146,"column":50},"end":{"line":146,"column":71}},"29":{"start":{"line":147,"column":40},"end":{"line":147,"column":55}},"30":{"start":{"line":148,"column":46},"end":{"line":148,"column":60}},"31":{"start":{"line":149,"column":40},"end":{"line":149,"column":52}},"32":{"start":{"line":150,"column":54},"end":{"line":150,"column":66}},"33":{"start":{"line":152,"column":18},"end":{"line":161,"column":3}},"34":{"start":{"line":153,"column":16},"end":{"line":153,"column":52}},"35":{"start":{"line":154,"column":24},"end":{"line":154,"column":94}},"36":{"start":{"line":156,"column":4},"end":{"line":159,"column":8}},"37":{"start":{"line":156,"column":25},"end":{"line":159,"column":5}},"38":{"start":{"line":160,"column":4},"end":{"line":160,"column":26}},"39":{"start":{"line":163,"column":27},"end":{"line":168,"column":3}},"40":{"start":{"line":164,"column":4},"end":{"line":167,"column":8}},"41":{"start":{"line":164,"column":28},"end":{"line":167,"column":5}},"42":{"start":{"line":170,"column":21},"end":{"line":176,"column":3}},"43":{"start":{"line":171,"column":16},"end":{"line":171,"column":36}},"44":{"start":{"line":172,"column":4},"end":{"line":175,"column":8}},"45":{"start":{"line":172,"column":25},"end":{"line":175,"column":5}},"46":{"start":{"line":174,"column":41},"end":{"line":174,"column":52}},"47":{"start":{"line":178,"column":41},"end":{"line":232,"column":3}},"48":{"start":{"line":179,"column":27},"end":{"line":179,"column":36}},"49":{"start":{"line":180,"column":22},"end":{"line":180,"column":31}},"50":{"start":{"line":183,"column":4},"end":{"line":195,"column":7}},"51":{"start":{"line":184,"column":6},"end":{"line":194,"column":9}},"52":{"start":{"line":185,"column":8},"end":{"line":193,"column":11}},"53":{"start":{"line":186,"column":22},"end":{"line":186,"column":53}},"54":{"start":{"line":187,"column":10},"end":{"line":187,"column":41}},"55":{"start":{"line":189,"column":10},"end":{"line":191,"column":11}},"56":{"start":{"line":190,"column":12},"end":{"line":190,"column":35}},"57":{"start":{"line":192,"column":10},"end":{"line":192,"column":45}},"58":{"start":{"line":198,"column":33},"end":{"line":200,"column":5}},"59":{"start":{"line":199,"column":36},"end":{"line":199,"column":66}},"60":{"start":{"line":203,"column":32},"end":{"line":205,"column":5}},"61":{"start":{"line":204,"column":44},"end":{"line":204,"column":74}},"62":{"start":{"line":208,"column":24},"end":{"line":208,"column":26}},"63":{"start":{"line":209,"column":22},"end":{"line":209,"column":24}},"64":{"start":{"line":210,"column":21},"end":{"line":210,"column":23}},"65":{"start":{"line":212,"column":4},"end":{"line":229,"column":7}},"66":{"start":{"line":213,"column":18},"end":{"line":213,"column":49}},"67":{"start":{"line":214,"column":28},"end":{"line":214,"column":66}},"68":{"start":{"line":216,"column":29},"end":{"line":220,"column":7}},"69":{"start":{"line":222,"column":6},"end":{"line":228,"column":7}},"70":{"start":{"line":223,"column":8},"end":{"line":223,"column":41}},"71":{"start":{"line":224,"column":13},"end":{"line":228,"column":7}},"72":{"start":{"line":225,"column":8},"end":{"line":225,"column":38}},"73":{"start":{"line":227,"column":8},"end":{"line":227,"column":39}},"74":{"start":{"line":231,"column":4},"end":{"line":231,"column":76}},"75":{"start":{"line":234,"column":29},"end":{"line":237,"column":3}},"76":{"start":{"line":235,"column":23},"end":{"line":235,"column":80}},"77":{"start":{"line":236,"column":4},"end":{"line":236,"column":73}},"78":{"start":{"line":236,"column":39},"end":{"line":236,"column":71}},"79":{"start":{"line":239,"column":28},"end":{"line":253,"column":3}},"80":{"start":{"line":240,"column":17},"end":{"line":240,"column":72}},"81":{"start":{"line":241,"column":4},"end":{"line":251,"column":7}},"82":{"start":{"line":242,"column":6},"end":{"line":250,"column":9}},"83":{"start":{"line":243,"column":8},"end":{"line":249,"column":9}},"84":{"start":{"line":244,"column":10},"end":{"line":244,"column":53}},"85":{"start":{"line":245,"column":10},"end":{"line":245,"column":51}},"86":{"start":{"line":246,"column":10},"end":{"line":246,"column":47}},"87":{"start":{"line":247,"column":10},"end":{"line":247,"column":43}},"88":{"start":{"line":248,"column":10},"end":{"line":248,"column":47}},"89":{"start":{"line":252,"column":4},"end":{"line":252,"column":18}},"90":{"start":{"line":255,"column":2},"end":{"line":656,"column":4}},"91":{"start":{"line":270,"column":29},"end":{"line":270,"column":59}},"92":{"start":{"line":274,"column":14},"end":{"line":274,"column":58}},"93":{"start":{"line":280,"column":29},"end":{"line":280,"column":64}},"94":{"start":{"line":284,"column":14},"end":{"line":284,"column":61}},"95":{"start":{"line":289,"column":27},"end":{"line":289,"column":47}},"96":{"start":{"line":299,"column":29},"end":{"line":301,"column":17}},"97":{"start":{"line":300,"column":14},"end":{"line":300,"column":75}},"98":{"start":{"line":303,"column":12},"end":{"line":317,"column":14}},"99":{"start":{"line":312,"column":18},"end":{"line":312,"column":38}},"100":{"start":{"line":313,"column":18},"end":{"line":313,"column":48}},"101":{"start":{"line":314,"column":18},"end":{"line":314,"column":39}},"102":{"start":{"line":343,"column":29},"end":{"line":343,"column":48}},"103":{"start":{"line":344,"column":14},"end":{"line":367,"column":16}},"104":{"start":{"line":377,"column":64},"end":{"line":377,"column":96}},"105":{"start":{"line":378,"column":12},"end":{"line":392,"column":14}},"106":{"start":{"line":397,"column":57},"end":{"line":397,"column":89}},"107":{"start":{"line":399,"column":12},"end":{"line":405,"column":13}},"108":{"start":{"line":400,"column":14},"end":{"line":404,"column":16}},"109":{"start":{"line":407,"column":12},"end":{"line":496,"column":14}},"110":{"start":{"line":426,"column":24},"end":{"line":440,"column":30}},"111":{"start":{"line":437,"column":30},"end":{"line":437,"column":82}},"112":{"start":{"line":456,"column":24},"end":{"line":465,"column":30}},"113":{"start":{"line":481,"column":24},"end":{"line":490,"column":30}},"114":{"start":{"line":502,"column":54},"end":{"line":502,"column":75}},"115":{"start":{"line":503,"column":49},"end":{"line":503,"column":68}},"116":{"start":{"line":507,"column":16},"end":{"line":561,"column":22}},"117":{"start":{"line":507,"column":72},"end":{"line":507,"column":87}},"118":{"start":{"line":526,"column":24},"end":{"line":528,"column":31}},"119":{"start":{"line":547,"column":22},"end":{"line":547,"column":73}},"120":{"start":{"line":554,"column":22},"end":{"line":554,"column":42}},"121":{"start":{"line":555,"column":22},"end":{"line":555,"column":48}},"122":{"start":{"line":564,"column":35},"end":{"line":564,"column":56}},"123":{"start":{"line":572,"column":54},"end":{"line":572,"column":77}},"124":{"start":{"line":573,"column":69},"end":{"line":573,"column":88}},"125":{"start":{"line":590,"column":45},"end":{"line":593,"column":17}},"126":{"start":{"line":590,"column":76},"end":{"line":593,"column":15}},"127":{"start":{"line":612,"column":20},"end":{"line":612,"column":53}},"128":{"start":{"line":627,"column":22},"end":{"line":627,"column":85}},"129":{"start":{"line":637,"column":41},"end":{"line":637,"column":80}},"130":{"start":{"line":638,"column":18},"end":{"line":638,"column":58}},"131":{"start":{"line":639,"column":18},"end":{"line":639,"column":42}},"132":{"start":{"line":648,"column":37},"end":{"line":648,"column":60}}},"fnMap":{"0":{"name":"CollapsibleSection","decl":{"start":{"line":10,"column":9},"end":{"line":10,"column":27}},"loc":{"start":{"line":10,"column":95},"end":{"line":38,"column":1}},"line":10},"1":{"name":"(anonymous_1)","decl":{"start":{"line":17,"column":17},"end":{"line":17,"column":18}},"loc":{"start":{"line":17,"column":23},"end":{"line":17,"column":49}},"line":17},"2":{"name":"(anonymous_2)","decl":{"start":{"line":25,"column":59},"end":{"line":25,"column":60}},"loc":{"start":{"line":25,"column":66},"end":{"line":25,"column":85}},"line":25},"3":{"name":"CollapsibleDay","decl":{"start":{"line":40,"column":9},"end":{"line":40,"column":23}},"loc":{"start":{"line":40,"column":88},"end":{"line":142,"column":1}},"line":40},"4":{"name":"(anonymous_4)","decl":{"start":{"line":43,"column":26},"end":{"line":43,"column":27}},"loc":{"start":{"line":43,"column":32},"end":{"line":55,"column":3}},"line":43},"5":{"name":"(anonymous_5)","decl":{"start":{"line":45,"column":22},"end":{"line":45,"column":23}},"loc":{"start":{"line":45,"column":34},"end":{"line":53,"column":5}},"line":45},"6":{"name":"(anonymous_6)","decl":{"start":{"line":47,"column":20},"end":{"line":47,"column":21}},"loc":{"start":{"line":47,"column":28},"end":{"line":52,"column":7}},"line":47},"7":{"name":"(anonymous_7)","decl":{"start":{"line":64,"column":17},"end":{"line":64,"column":18}},"loc":{"start":{"line":64,"column":23},"end":{"line":64,"column":49}},"line":64},"8":{"name":"(anonymous_8)","decl":{"start":{"line":81,"column":21},"end":{"line":81,"column":22}},"loc":{"start":{"line":81,"column":28},"end":{"line":84,"column":13}},"line":81},"9":{"name":"(anonymous_9)","decl":{"start":{"line":94,"column":25},"end":{"line":94,"column":26}},"loc":{"start":{"line":94,"column":37},"end":{"line":137,"column":11}},"line":94},"10":{"name":"(anonymous_10)","decl":{"start":{"line":102,"column":29},"end":{"line":102,"column":30}},"loc":{"start":{"line":102,"column":35},"end":{"line":102,"column":54}},"line":102},"11":{"name":"(anonymous_11)","decl":{"start":{"line":114,"column":31},"end":{"line":114,"column":32}},"loc":{"start":{"line":115,"column":22},"end":{"line":131,"column":28}},"line":115},"12":{"name":"(anonymous_12)","decl":{"start":{"line":126,"column":35},"end":{"line":126,"column":36}},"loc":{"start":{"line":126,"column":41},"end":{"line":126,"column":73}},"line":126},"13":{"name":"MealPlanner","decl":{"start":{"line":144,"column":9},"end":{"line":144,"column":20}},"loc":{"start":{"line":144,"column":91},"end":{"line":657,"column":1}},"line":144},"14":{"name":"(anonymous_14)","decl":{"start":{"line":152,"column":18},"end":{"line":152,"column":19}},"loc":{"start":{"line":152,"column":53},"end":{"line":161,"column":3}},"line":152},"15":{"name":"(anonymous_15)","decl":{"start":{"line":156,"column":16},"end":{"line":156,"column":17}},"loc":{"start":{"line":156,"column":25},"end":{"line":159,"column":5}},"line":156},"16":{"name":"(anonymous_16)","decl":{"start":{"line":163,"column":27},"end":{"line":163,"column":28}},"loc":{"start":{"line":163,"column":51},"end":{"line":168,"column":3}},"line":163},"17":{"name":"(anonymous_17)","decl":{"start":{"line":164,"column":19},"end":{"line":164,"column":20}},"loc":{"start":{"line":164,"column":28},"end":{"line":167,"column":5}},"line":164},"18":{"name":"(anonymous_18)","decl":{"start":{"line":170,"column":21},"end":{"line":170,"column":22}},"loc":{"start":{"line":170,"column":47},"end":{"line":176,"column":3}},"line":170},"19":{"name":"(anonymous_19)","decl":{"start":{"line":172,"column":16},"end":{"line":172,"column":17}},"loc":{"start":{"line":172,"column":25},"end":{"line":175,"column":5}},"line":172},"20":{"name":"(anonymous_20)","decl":{"start":{"line":174,"column":31},"end":{"line":174,"column":32}},"loc":{"start":{"line":174,"column":41},"end":{"line":174,"column":52}},"line":174},"21":{"name":"(anonymous_21)","decl":{"start":{"line":178,"column":41},"end":{"line":178,"column":42}},"loc":{"start":{"line":178,"column":47},"end":{"line":232,"column":3}},"line":178},"22":{"name":"(anonymous_22)","decl":{"start":{"line":183,"column":36},"end":{"line":183,"column":37}},"loc":{"start":{"line":183,"column":45},"end":{"line":195,"column":5}},"line":183},"23":{"name":"(anonymous_23)","decl":{"start":{"line":184,"column":20},"end":{"line":184,"column":21}},"loc":{"start":{"line":184,"column":28},"end":{"line":194,"column":7}},"line":184},"24":{"name":"(anonymous_24)","decl":{"start":{"line":185,"column":33},"end":{"line":185,"column":34}},"loc":{"start":{"line":185,"column":47},"end":{"line":193,"column":9}},"line":185},"25":{"name":"(anonymous_25)","decl":{"start":{"line":199,"column":28},"end":{"line":199,"column":29}},"loc":{"start":{"line":199,"column":36},"end":{"line":199,"column":66}},"line":199},"26":{"name":"(anonymous_26)","decl":{"start":{"line":204,"column":36},"end":{"line":204,"column":37}},"loc":{"start":{"line":204,"column":44},"end":{"line":204,"column":74}},"line":204},"27":{"name":"(anonymous_27)","decl":{"start":{"line":212,"column":39},"end":{"line":212,"column":40}},"loc":{"start":{"line":212,"column":53},"end":{"line":229,"column":5}},"line":212},"28":{"name":"(anonymous_28)","decl":{"start":{"line":234,"column":29},"end":{"line":234,"column":30}},"loc":{"start":{"line":234,"column":35},"end":{"line":237,"column":3}},"line":234},"29":{"name":"(anonymous_29)","decl":{"start":{"line":236,"column":29},"end":{"line":236,"column":30}},"loc":{"start":{"line":236,"column":39},"end":{"line":236,"column":71}},"line":236},"30":{"name":"(anonymous_30)","decl":{"start":{"line":239,"column":28},"end":{"line":239,"column":29}},"loc":{"start":{"line":239,"column":34},"end":{"line":253,"column":3}},"line":239},"31":{"name":"(anonymous_31)","decl":{"start":{"line":241,"column":36},"end":{"line":241,"column":37}},"loc":{"start":{"line":241,"column":45},"end":{"line":251,"column":5}},"line":241},"32":{"name":"(anonymous_32)","decl":{"start":{"line":242,"column":20},"end":{"line":242,"column":21}},"loc":{"start":{"line":242,"column":28},"end":{"line":250,"column":7}},"line":242},"33":{"name":"(anonymous_33)","decl":{"start":{"line":270,"column":22},"end":{"line":270,"column":23}},"loc":{"start":{"line":270,"column":29},"end":{"line":270,"column":59}},"line":270},"34":{"name":"(anonymous_34)","decl":{"start":{"line":273,"column":22},"end":{"line":273,"column":23}},"loc":{"start":{"line":274,"column":14},"end":{"line":274,"column":58}},"line":274},"35":{"name":"(anonymous_35)","decl":{"start":{"line":280,"column":22},"end":{"line":280,"column":23}},"loc":{"start":{"line":280,"column":29},"end":{"line":280,"column":64}},"line":280},"36":{"name":"(anonymous_36)","decl":{"start":{"line":283,"column":28},"end":{"line":283,"column":29}},"loc":{"start":{"line":284,"column":14},"end":{"line":284,"column":61}},"line":284},"37":{"name":"(anonymous_37)","decl":{"start":{"line":289,"column":21},"end":{"line":289,"column":22}},"loc":{"start":{"line":289,"column":27},"end":{"line":289,"column":47}},"line":289},"38":{"name":"(anonymous_38)","decl":{"start":{"line":298,"column":20},"end":{"line":298,"column":21}},"loc":{"start":{"line":298,"column":27},"end":{"line":318,"column":11}},"line":298},"39":{"name":"(anonymous_39)","decl":{"start":{"line":299,"column":47},"end":{"line":299,"column":48}},"loc":{"start":{"line":299,"column":68},"end":{"line":301,"column":13}},"line":299},"40":{"name":"(anonymous_40)","decl":{"start":{"line":311,"column":27},"end":{"line":311,"column":28}},"loc":{"start":{"line":311,"column":41},"end":{"line":315,"column":17}},"line":311},"41":{"name":"(anonymous_41)","decl":{"start":{"line":342,"column":14},"end":{"line":342,"column":15}},"loc":{"start":{"line":342,"column":20},"end":{"line":368,"column":13}},"line":342},"42":{"name":"(anonymous_42)","decl":{"start":{"line":376,"column":25},"end":{"line":376,"column":26}},"loc":{"start":{"line":376,"column":31},"end":{"line":393,"column":11}},"line":376},"43":{"name":"(anonymous_43)","decl":{"start":{"line":396,"column":12},"end":{"line":396,"column":13}},"loc":{"start":{"line":396,"column":18},"end":{"line":497,"column":11}},"line":396},"44":{"name":"(anonymous_44)","decl":{"start":{"line":425,"column":36},"end":{"line":425,"column":37}},"loc":{"start":{"line":426,"column":24},"end":{"line":440,"column":30}},"line":426},"45":{"name":"(anonymous_45)","decl":{"start":{"line":436,"column":68},"end":{"line":436,"column":69}},"loc":{"start":{"line":437,"column":30},"end":{"line":437,"column":82}},"line":437},"46":{"name":"(anonymous_46)","decl":{"start":{"line":455,"column":37},"end":{"line":455,"column":38}},"loc":{"start":{"line":456,"column":24},"end":{"line":465,"column":30}},"line":456},"47":{"name":"(anonymous_47)","decl":{"start":{"line":480,"column":39},"end":{"line":480,"column":40}},"loc":{"start":{"line":481,"column":24},"end":{"line":490,"column":30}},"line":481},"48":{"name":"(anonymous_48)","decl":{"start":{"line":502,"column":48},"end":{"line":502,"column":49}},"loc":{"start":{"line":502,"column":54},"end":{"line":502,"column":75}},"line":502},"49":{"name":"(anonymous_49)","decl":{"start":{"line":503,"column":42},"end":{"line":503,"column":43}},"loc":{"start":{"line":503,"column":49},"end":{"line":503,"column":68}},"line":503},"50":{"name":"(anonymous_50)","decl":{"start":{"line":506,"column":40},"end":{"line":506,"column":41}},"loc":{"start":{"line":507,"column":16},"end":{"line":561,"column":22}},"line":507},"51":{"name":"(anonymous_51)","decl":{"start":{"line":507,"column":66},"end":{"line":507,"column":67}},"loc":{"start":{"line":507,"column":72},"end":{"line":507,"column":87}},"line":507},"52":{"name":"(anonymous_52)","decl":{"start":{"line":525,"column":49},"end":{"line":525,"column":50}},"loc":{"start":{"line":526,"column":24},"end":{"line":528,"column":31}},"line":526},"53":{"name":"(anonymous_53)","decl":{"start":{"line":546,"column":37},"end":{"line":546,"column":38}},"loc":{"start":{"line":547,"column":22},"end":{"line":547,"column":73}},"line":547},"54":{"name":"(anonymous_54)","decl":{"start":{"line":553,"column":29},"end":{"line":553,"column":30}},"loc":{"start":{"line":553,"column":36},"end":{"line":556,"column":21}},"line":553},"55":{"name":"(anonymous_55)","decl":{"start":{"line":564,"column":29},"end":{"line":564,"column":30}},"loc":{"start":{"line":564,"column":35},"end":{"line":564,"column":56}},"line":564},"56":{"name":"(anonymous_56)","decl":{"start":{"line":572,"column":48},"end":{"line":572,"column":49}},"loc":{"start":{"line":572,"column":54},"end":{"line":572,"column":77}},"line":572},"57":{"name":"(anonymous_57)","decl":{"start":{"line":573,"column":62},"end":{"line":573,"column":63}},"loc":{"start":{"line":573,"column":69},"end":{"line":573,"column":88}},"line":573},"58":{"name":"(anonymous_58)","decl":{"start":{"line":590,"column":31},"end":{"line":590,"column":32}},"loc":{"start":{"line":590,"column":45},"end":{"line":593,"column":17}},"line":590},"59":{"name":"(anonymous_59)","decl":{"start":{"line":590,"column":67},"end":{"line":590,"column":68}},"loc":{"start":{"line":590,"column":76},"end":{"line":593,"column":15}},"line":590},"60":{"name":"(anonymous_60)","decl":{"start":{"line":611,"column":50},"end":{"line":611,"column":51}},"loc":{"start":{"line":612,"column":20},"end":{"line":612,"column":53}},"line":612},"61":{"name":"(anonymous_61)","decl":{"start":{"line":626,"column":50},"end":{"line":626,"column":51}},"loc":{"start":{"line":627,"column":22},"end":{"line":627,"column":85}},"line":627},"62":{"name":"(anonymous_62)","decl":{"start":{"line":636,"column":25},"end":{"line":636,"column":26}},"loc":{"start":{"line":636,"column":31},"end":{"line":640,"column":17}},"line":636},"63":{"name":"(anonymous_63)","decl":{"start":{"line":648,"column":31},"end":{"line":648,"column":32}},"loc":{"start":{"line":648,"column":37},"end":{"line":648,"column":60}},"line":648}},"branchMap":{"0":{"loc":{"start":{"line":10,"column":53},"end":{"line":10,"column":76}},"type":"default-arg","locations":[{"start":{"line":10,"column":71},"end":{"line":10,"column":76}}],"line":10},"1":{"loc":{"start":{"line":14,"column":43},"end":{"line":14,"column":71}},"type":"cond-expr","locations":[{"start":{"line":14,"column":56},"end":{"line":14,"column":66}},{"start":{"line":14,"column":69},"end":{"line":14,"column":71}}],"line":14},"2":{"loc":{"start":{"line":20,"column":11},"end":{"line":20,"column":78}},"type":"cond-expr","locations":[{"start":{"line":20,"column":24},"end":{"line":20,"column":49}},{"start":{"line":20,"column":52},"end":{"line":20,"column":78}}],"line":20},"3":{"loc":{"start":{"line":24,"column":9},"end":{"line":28,"column":9}},"type":"binary-expr","locations":[{"start":{"line":24,"column":9},"end":{"line":24,"column":22}},{"start":{"line":25,"column":10},"end":{"line":27,"column":16}}],"line":24},"4":{"loc":{"start":{"line":31,"column":7},"end":{"line":35,"column":7}},"type":"binary-expr","locations":[{"start":{"line":31,"column":7},"end":{"line":31,"column":17}},{"start":{"line":32,"column":8},"end":{"line":34,"column":14}}],"line":31},"5":{"loc":{"start":{"line":41,"column":47},"end":{"line":41,"column":131}},"type":"binary-expr","locations":[{"start":{"line":41,"column":47},"end":{"line":41,"column":60}},{"start":{"line":41,"column":64},"end":{"line":41,"column":131}}],"line":41},"6":{"loc":{"start":{"line":46,"column":20},"end":{"line":46,"column":56}},"type":"binary-expr","locations":[{"start":{"line":46,"column":20},"end":{"line":46,"column":50}},{"start":{"line":46,"column":54},"end":{"line":46,"column":56}}],"line":46},"7":{"loc":{"start":{"line":48,"column":8},"end":{"line":51,"column":9}},"type":"if","locations":[{"start":{"line":48,"column":8},"end":{"line":51,"column":9}},{"start":{},"end":{}}],"line":48},"8":{"loc":{"start":{"line":61,"column":39},"end":{"line":61,"column":61}},"type":"cond-expr","locations":[{"start":{"line":61,"column":49},"end":{"line":61,"column":56}},{"start":{"line":61,"column":59},"end":{"line":61,"column":61}}],"line":61},"9":{"loc":{"start":{"line":61,"column":65},"end":{"line":61,"column":93}},"type":"cond-expr","locations":[{"start":{"line":61,"column":78},"end":{"line":61,"column":88}},{"start":{"line":61,"column":91},"end":{"line":61,"column":93}}],"line":61},"10":{"loc":{"start":{"line":68,"column":13},"end":{"line":68,"column":80}},"type":"cond-expr","locations":[{"start":{"line":68,"column":26},"end":{"line":68,"column":51}},{"start":{"line":68,"column":54},"end":{"line":68,"column":80}}],"line":68},"11":{"loc":{"start":{"line":69,"column":23},"end":{"line":69,"column":76}},"type":"binary-expr","locations":[{"start":{"line":69,"column":23},"end":{"line":69,"column":30}},{"start":{"line":69,"column":34},"end":{"line":69,"column":76}}],"line":69},"12":{"loc":{"start":{"line":72,"column":58},"end":{"line":72,"column":84}},"type":"cond-expr","locations":[{"start":{"line":72,"column":76},"end":{"line":72,"column":79}},{"start":{"line":72,"column":82},"end":{"line":72,"column":84}}],"line":72},"13":{"loc":{"start":{"line":73,"column":13},"end":{"line":75,"column":13}},"type":"binary-expr","locations":[{"start":{"line":73,"column":13},"end":{"line":73,"column":35}},{"start":{"line":74,"column":14},"end":{"line":74,"column":76}}],"line":73},"14":{"loc":{"start":{"line":92,"column":7},"end":{"line":139,"column":7}},"type":"binary-expr","locations":[{"start":{"line":92,"column":7},"end":{"line":92,"column":17}},{"start":{"line":93,"column":8},"end":{"line":138,"column":14}}],"line":92},"15":{"loc":{"start":{"line":95,"column":26},"end":{"line":95,"column":62}},"type":"binary-expr","locations":[{"start":{"line":95,"column":26},"end":{"line":95,"column":56}},{"start":{"line":95,"column":60},"end":{"line":95,"column":62}}],"line":95},"16":{"loc":{"start":{"line":108,"column":17},"end":{"line":134,"column":17}},"type":"cond-expr","locations":[{"start":{"line":109,"column":18},"end":{"line":111,"column":24}},{"start":{"line":113,"column":18},"end":{"line":133,"column":24}}],"line":108},"17":{"loc":{"start":{"line":119,"column":29},"end":{"line":121,"column":29}},"type":"binary-expr","locations":[{"start":{"line":119,"column":29},"end":{"line":119,"column":43}},{"start":{"line":120,"column":30},"end":{"line":120,"column":98}}],"line":119},"18":{"loc":{"start":{"line":152,"column":27},"end":{"line":152,"column":48}},"type":"default-arg","locations":[{"start":{"line":152,"column":44},"end":{"line":152,"column":48}}],"line":152},"19":{"loc":{"start":{"line":154,"column":24},"end":{"line":154,"column":94}},"type":"cond-expr","locations":[{"start":{"line":154,"column":41},"end":{"line":154,"column":85}},{"start":{"line":154,"column":88},"end":{"line":154,"column":94}}],"line":154},"20":{"loc":{"start":{"line":158,"column":18},"end":{"line":158,"column":33}},"type":"binary-expr","locations":[{"start":{"line":158,"column":18},"end":{"line":158,"column":27}},{"start":{"line":158,"column":31},"end":{"line":158,"column":33}}],"line":158},"21":{"loc":{"start":{"line":174,"column":13},"end":{"line":174,"column":59}},"type":"binary-expr","locations":[{"start":{"line":174,"column":13},"end":{"line":174,"column":53}},{"start":{"line":174,"column":57},"end":{"line":174,"column":59}}],"line":174},"22":{"loc":{"start":{"line":189,"column":10},"end":{"line":191,"column":11}},"type":"if","locations":[{"start":{"line":189,"column":10},"end":{"line":191,"column":11}},{"start":{},"end":{}}],"line":189},"23":{"loc":{"start":{"line":199,"column":7},"end":{"line":199,"column":22}},"type":"binary-expr","locations":[{"start":{"line":199,"column":7},"end":{"line":199,"column":16}},{"start":{"line":199,"column":20},"end":{"line":199,"column":22}}],"line":199},"24":{"loc":{"start":{"line":204,"column":6},"end":{"line":204,"column":81}},"type":"binary-expr","locations":[{"start":{"line":204,"column":6},"end":{"line":204,"column":75}},{"start":{"line":204,"column":79},"end":{"line":204,"column":81}}],"line":204},"25":{"loc":{"start":{"line":214,"column":40},"end":{"line":214,"column":64}},"type":"binary-expr","locations":[{"start":{"line":214,"column":40},"end":{"line":214,"column":58}},{"start":{"line":214,"column":62},"end":{"line":214,"column":64}}],"line":214},"26":{"loc":{"start":{"line":222,"column":6},"end":{"line":228,"column":7}},"type":"if","locations":[{"start":{"line":222,"column":6},"end":{"line":228,"column":7}},{"start":{"line":224,"column":13},"end":{"line":228,"column":7}}],"line":222},"27":{"loc":{"start":{"line":224,"column":13},"end":{"line":228,"column":7}},"type":"if","locations":[{"start":{"line":224,"column":13},"end":{"line":228,"column":7}},{"start":{"line":226,"column":13},"end":{"line":228,"column":7}}],"line":224},"28":{"loc":{"start":{"line":243,"column":8},"end":{"line":249,"column":9}},"type":"if","locations":[{"start":{"line":243,"column":8},"end":{"line":249,"column":9}},{"start":{},"end":{}}],"line":243},"29":{"loc":{"start":{"line":300,"column":30},"end":{"line":300,"column":73}},"type":"binary-expr","locations":[{"start":{"line":300,"column":30},"end":{"line":300,"column":68}},{"start":{"line":300,"column":72},"end":{"line":300,"column":73}}],"line":300},"30":{"loc":{"start":{"line":382,"column":17},"end":{"line":384,"column":17}},"type":"binary-expr","locations":[{"start":{"line":382,"column":17},"end":{"line":382,"column":36}},{"start":{"line":383,"column":18},"end":{"line":383,"column":87}}],"line":382},"31":{"loc":{"start":{"line":386,"column":17},"end":{"line":390,"column":17}},"type":"binary-expr","locations":[{"start":{"line":386,"column":17},"end":{"line":386,"column":37}},{"start":{"line":387,"column":18},"end":{"line":389,"column":25}}],"line":386},"32":{"loc":{"start":{"line":399,"column":12},"end":{"line":405,"column":13}},"type":"if","locations":[{"start":{"line":399,"column":12},"end":{"line":405,"column":13}},{"start":{},"end":{}}],"line":399},"33":{"loc":{"start":{"line":399,"column":16},"end":{"line":399,"column":91}},"type":"binary-expr","locations":[{"start":{"line":399,"column":16},"end":{"line":399,"column":40}},{"start":{"line":399,"column":44},"end":{"line":399,"column":66}},{"start":{"line":399,"column":70},"end":{"line":399,"column":91}}],"line":399},"34":{"loc":{"start":{"line":409,"column":17},"end":{"line":444,"column":17}},"type":"binary-expr","locations":[{"start":{"line":409,"column":17},"end":{"line":409,"column":36}},{"start":{"line":409,"column":40},"end":{"line":409,"column":57}},{"start":{"line":410,"column":18},"end":{"line":443,"column":24}}],"line":409},"35":{"loc":{"start":{"line":429,"column":87},"end":{"line":429,"column":112}},"type":"cond-expr","locations":[{"start":{"line":429,"column":104},"end":{"line":429,"column":107}},{"start":{"line":429,"column":110},"end":{"line":429,"column":112}}],"line":429},"36":{"loc":{"start":{"line":432,"column":31},"end":{"line":432,"column":91}},"type":"binary-expr","locations":[{"start":{"line":432,"column":31},"end":{"line":432,"column":53}},{"start":{"line":432,"column":57},"end":{"line":432,"column":91}}],"line":432},"37":{"loc":{"start":{"line":436,"column":39},"end":{"line":438,"column":67}},"type":"binary-expr","locations":[{"start":{"line":436,"column":39},"end":{"line":438,"column":57}},{"start":{"line":438,"column":61},"end":{"line":438,"column":67}}],"line":436},"38":{"loc":{"start":{"line":446,"column":17},"end":{"line":469,"column":17}},"type":"binary-expr","locations":[{"start":{"line":446,"column":17},"end":{"line":446,"column":37}},{"start":{"line":447,"column":18},"end":{"line":468,"column":24}}],"line":446},"39":{"loc":{"start":{"line":459,"column":87},"end":{"line":459,"column":112}},"type":"cond-expr","locations":[{"start":{"line":459,"column":104},"end":{"line":459,"column":107}},{"start":{"line":459,"column":110},"end":{"line":459,"column":112}}],"line":459},"40":{"loc":{"start":{"line":462,"column":31},"end":{"line":462,"column":91}},"type":"binary-expr","locations":[{"start":{"line":462,"column":31},"end":{"line":462,"column":53}},{"start":{"line":462,"column":57},"end":{"line":462,"column":91}}],"line":462},"41":{"loc":{"start":{"line":471,"column":17},"end":{"line":494,"column":17}},"type":"binary-expr","locations":[{"start":{"line":471,"column":17},"end":{"line":471,"column":39}},{"start":{"line":472,"column":18},"end":{"line":493,"column":24}}],"line":471},"42":{"loc":{"start":{"line":484,"column":87},"end":{"line":484,"column":112}},"type":"cond-expr","locations":[{"start":{"line":484,"column":104},"end":{"line":484,"column":107}},{"start":{"line":484,"column":110},"end":{"line":484,"column":112}}],"line":484},"43":{"loc":{"start":{"line":487,"column":31},"end":{"line":487,"column":91}},"type":"binary-expr","locations":[{"start":{"line":487,"column":31},"end":{"line":487,"column":53}},{"start":{"line":487,"column":57},"end":{"line":487,"column":91}}],"line":487},"44":{"loc":{"start":{"line":501,"column":7},"end":{"line":569,"column":7}},"type":"binary-expr","locations":[{"start":{"line":501,"column":7},"end":{"line":501,"column":18}},{"start":{"line":502,"column":8},"end":{"line":568,"column":14}}],"line":501},"45":{"loc":{"start":{"line":526,"column":63},"end":{"line":526,"column":108}},"type":"cond-expr","locations":[{"start":{"line":526,"column":95},"end":{"line":526,"column":103}},{"start":{"line":526,"column":106},"end":{"line":526,"column":108}}],"line":526},"46":{"loc":{"start":{"line":571,"column":7},"end":{"line":654,"column":7}},"type":"binary-expr","locations":[{"start":{"line":571,"column":7},"end":{"line":571,"column":21}},{"start":{"line":572,"column":8},"end":{"line":653,"column":14}}],"line":571},"47":{"loc":{"start":{"line":622,"column":15},"end":{"line":631,"column":15}},"type":"binary-expr","locations":[{"start":{"line":622,"column":15},"end":{"line":622,"column":50}},{"start":{"line":623,"column":16},"end":{"line":630,"column":22}}],"line":622},"48":{"loc":{"start":{"line":644,"column":17},"end":{"line":645,"column":74}},"type":"binary-expr","locations":[{"start":{"line":644,"column":17},"end":{"line":644,"column":56}},{"start":{"line":645,"column":18},"end":{"line":645,"column":74}}],"line":644}},"s":{"0":2,"1":2,"2":12,"3":12,"4":0,"5":0,"6":42,"7":42,"8":42,"9":42,"10":168,"11":168,"12":0,"13":0,"14":0,"15":42,"16":42,"17":42,"18":42,"19":0,"20":0,"21":0,"22":24,"23":24,"24":0,"25":0,"26":0,"27":14,"28":14,"29":14,"30":14,"31":14,"32":14,"33":14,"34":0,"35":0,"36":0,"37":0,"38":0,"39":14,"40":0,"41":0,"42":14,"43":0,"44":0,"45":0,"46":0,"47":14,"48":20,"49":20,"50":20,"51":8,"52":8,"53":0,"54":0,"55":0,"56":0,"57":0,"58":12,"59":0,"60":12,"61":0,"62":12,"63":12,"64":12,"65":12,"66":0,"67":0,"68":0,"69":0,"70":0,"71":0,"72":0,"73":0,"74":12,"75":14,"76":1,"77":1,"78":12,"79":14,"80":14,"81":14,"82":12,"83":12,"84":12,"85":12,"86":12,"87":12,"88":12,"89":14,"90":14,"91":0,"92":98,"93":0,"94":56,"95":1,"96":98,"97":392,"98":98,"99":0,"100":0,"101":0,"102":14,"103":14,"104":6,"105":6,"106":14,"107":6,"108":6,"109":0,"110":0,"111":0,"112":0,"113":0,"114":0,"115":0,"116":3,"117":0,"118":15,"119":9,"120":0,"121":0,"122":0,"123":0,"124":0,"125":0,"126":0,"127":0,"128":0,"129":0,"130":0,"131":0,"132":0},"f":{"0":12,"1":0,"2":0,"3":42,"4":42,"5":168,"6":0,"7":0,"8":0,"9":24,"10":0,"11":0,"12":0,"13":14,"14":0,"15":0,"16":0,"17":0,"18":0,"19":0,"20":0,"21":20,"22":8,"23":8,"24":0,"25":0,"26":0,"27":0,"28":1,"29":12,"30":14,"31":12,"32":12,"33":0,"34":98,"35":0,"36":56,"37":1,"38":98,"39":392,"40":0,"41":14,"42":6,"43":14,"44":0,"45":0,"46":0,"47":0,"48":0,"49":0,"50":3,"51":0,"52":15,"53":9,"54":0,"55":0,"56":0,"57":0,"58":0,"59":0,"60":0,"61":0,"62":0,"63":0},"b":{"0":[0],"1":[0,12],"2":[0,12],"3":[12,6],"4":[12,0],"5":[42,42],"6":[168,168],"7":[0,0],"8":[6,36],"9":[6,36],"10":[6,36],"11":[42,6],"12":[42,0],"13":[42,0],"14":[42,6],"15":[24,24],"16":[24,0],"17":[0,0],"18":[0],"19":[0,0],"20":[0,0],"21":[0,0],"22":[0,0],"23":[12,0],"24":[12,12],"25":[0,0],"26":[0,0],"27":[0,0],"28":[12,0],"29":[392,380],"30":[6,0],"31":[6,0],"32":[6,0],"33":[6,6,6],"34":[0,0,0],"35":[0,0],"36":[0,0],"37":[0,0],"38":[0,0],"39":[0,0],"40":[0,0],"41":[0,0],"42":[0,0],"43":[0,0],"44":[6,1],"45":[12,3],"46":[6,0],"47":[0,0],"48":[0,0]},"_coverageSchema":"1a1c01bbd47fc00a2c39e90264f33305004495a9","hash":"6a2f8ec10e9094eae848795d405d2fe863685e6f"}
,"/Users/saima.javaid/Documents/Saima/KiroProject/src/components/MealPrepScheduler.js": {"path":"/Users/saima.javaid/Documents/Saima/KiroProject/src/components/MealPrepScheduler.js","statementMap":{"0":{"start":{"line":5,"column":18},"end":{"line":5,"column":96}},"1":{"start":{"line":8,"column":19},"end":{"line":8,"column":32}},"2":{"start":{"line":9,"column":42},"end":{"line":9,"column":54}},"3":{"start":{"line":10,"column":48},"end":{"line":10,"column":66}},"4":{"start":{"line":11,"column":52},"end":{"line":11,"column":67}},"5":{"start":{"line":14,"column":2},"end":{"line":23,"column":9}},"6":{"start":{"line":15,"column":26},"end":{"line":15,"column":66}},"7":{"start":{"line":16,"column":4},"end":{"line":22,"column":5}},"8":{"start":{"line":17,"column":6},"end":{"line":21,"column":7}},"9":{"start":{"line":18,"column":8},"end":{"line":18,"column":51}},"10":{"start":{"line":20,"column":8},"end":{"line":20,"column":62}},"11":{"start":{"line":26,"column":2},"end":{"line":30,"column":21}},"12":{"start":{"line":27,"column":4},"end":{"line":29,"column":5}},"13":{"start":{"line":28,"column":6},"end":{"line":28,"column":77}},"14":{"start":{"line":32,"column":27},"end":{"line":56,"column":3}},"15":{"start":{"line":33,"column":18},"end":{"line":33,"column":20}},"16":{"start":{"line":35,"column":4},"end":{"line":53,"column":7}},"17":{"start":{"line":36,"column":30},"end":{"line":36,"column":44}},"18":{"start":{"line":37,"column":6},"end":{"line":52,"column":9}},"19":{"start":{"line":38,"column":8},"end":{"line":51,"column":9}},"20":{"start":{"line":39,"column":10},"end":{"line":50,"column":13}},"21":{"start":{"line":55,"column":4},"end":{"line":55,"column":17}},"22":{"start":{"line":58,"column":30},"end":{"line":64,"column":3}},"23":{"start":{"line":59,"column":4},"end":{"line":62,"column":8}},"24":{"start":{"line":59,"column":29},"end":{"line":62,"column":5}},"25":{"start":{"line":63,"column":4},"end":{"line":63,"column":31}},"26":{"start":{"line":66,"column":31},"end":{"line":75,"column":3}},"27":{"start":{"line":67,"column":4},"end":{"line":73,"column":8}},"28":{"start":{"line":67,"column":29},"end":{"line":73,"column":5}},"29":{"start":{"line":74,"column":4},"end":{"line":74,"column":31}},"30":{"start":{"line":77,"column":23},"end":{"line":91,"column":3}},"31":{"start":{"line":78,"column":4},"end":{"line":78,"column":75}},"32":{"start":{"line":79,"column":4},"end":{"line":79,"column":32}},"33":{"start":{"line":81,"column":19},"end":{"line":81,"column":54}},"34":{"start":{"line":82,"column":4},"end":{"line":90,"column":5}},"35":{"start":{"line":83,"column":27},"end":{"line":83,"column":45}},"36":{"start":{"line":84,"column":6},"end":{"line":84,"column":36}},"37":{"start":{"line":85,"column":6},"end":{"line":85,"column":42}},"38":{"start":{"line":86,"column":6},"end":{"line":89,"column":15}},"39":{"start":{"line":87,"column":8},"end":{"line":87,"column":42}},"40":{"start":{"line":88,"column":8},"end":{"line":88,"column":37}},"41":{"start":{"line":93,"column":28},"end":{"line":99,"column":3}},"42":{"start":{"line":94,"column":4},"end":{"line":98,"column":5}},"43":{"start":{"line":95,"column":6},"end":{"line":95,"column":26}},"44":{"start":{"line":96,"column":6},"end":{"line":96,"column":50}},"45":{"start":{"line":97,"column":6},"end":{"line":97,"column":34}},"46":{"start":{"line":101,"column":25},"end":{"line":106,"column":3}},"47":{"start":{"line":102,"column":21},"end":{"line":102,"column":39}},"48":{"start":{"line":103,"column":4},"end":{"line":105,"column":6}},"49":{"start":{"line":104,"column":6},"end":{"line":104,"column":48}},"50":{"start":{"line":108,"column":30},"end":{"line":113,"column":3}},"51":{"start":{"line":109,"column":21},"end":{"line":109,"column":39}},"52":{"start":{"line":110,"column":4},"end":{"line":112,"column":6}},"53":{"start":{"line":111,"column":6},"end":{"line":111,"column":37}},"54":{"start":{"line":115,"column":27},"end":{"line":122,"column":3}},"55":{"start":{"line":116,"column":18},"end":{"line":116,"column":41}},"56":{"start":{"line":117,"column":4},"end":{"line":121,"column":10}},"57":{"start":{"line":118,"column":26},"end":{"line":118,"column":54}},"58":{"start":{"line":119,"column":26},"end":{"line":119,"column":54}},"59":{"start":{"line":120,"column":6},"end":{"line":120,"column":47}},"60":{"start":{"line":124,"column":19},"end":{"line":124,"column":37}},"61":{"start":{"line":126,"column":2},"end":{"line":157,"column":3}},"62":{"start":{"line":127,"column":4},"end":{"line":156,"column":6}},"63":{"start":{"line":132,"column":29},"end":{"line":132,"column":49}},"64":{"start":{"line":148,"column":29},"end":{"line":148,"column":49}},"65":{"start":{"line":159,"column":2},"end":{"line":365,"column":4}},"66":{"start":{"line":165,"column":29},"end":{"line":165,"column":49}},"67":{"start":{"line":210,"column":57},"end":{"line":210,"column":68}},"68":{"start":{"line":225,"column":16},"end":{"line":256,"column":22}},"69":{"start":{"line":241,"column":24},"end":{"line":243,"column":25}},"70":{"start":{"line":242,"column":26},"end":{"line":242,"column":71}},"71":{"start":{"line":250,"column":24},"end":{"line":252,"column":33}},"72":{"start":{"line":265,"column":14},"end":{"line":272,"column":23}},"73":{"start":{"line":267,"column":31},"end":{"line":267,"column":54}},"74":{"start":{"line":292,"column":16},"end":{"line":351,"column":22}},"75":{"start":{"line":298,"column":37},"end":{"line":298,"column":66}},"76":{"start":{"line":326,"column":24},"end":{"line":328,"column":25}},"77":{"start":{"line":327,"column":26},"end":{"line":327,"column":71}},"78":{"start":{"line":333,"column":24},"end":{"line":335,"column":33}},"79":{"start":{"line":340,"column":44},"end":{"line":340,"column":63}},"80":{"start":{"line":341,"column":24},"end":{"line":341,"column":52}},"81":{"start":{"line":342,"column":24},"end":{"line":342,"column":53}},"82":{"start":{"line":343,"column":24},"end":{"line":343,"column":51}}},"fnMap":{"0":{"name":"MealPrepScheduler","decl":{"start":{"line":7,"column":9},"end":{"line":7,"column":26}},"loc":{"start":{"line":7,"column":41},"end":{"line":366,"column":1}},"line":7},"1":{"name":"(anonymous_1)","decl":{"start":{"line":14,"column":12},"end":{"line":14,"column":13}},"loc":{"start":{"line":14,"column":18},"end":{"line":23,"column":3}},"line":14},"2":{"name":"(anonymous_2)","decl":{"start":{"line":26,"column":12},"end":{"line":26,"column":13}},"loc":{"start":{"line":26,"column":18},"end":{"line":30,"column":3}},"line":26},"3":{"name":"(anonymous_3)","decl":{"start":{"line":32,"column":27},"end":{"line":32,"column":28}},"loc":{"start":{"line":32,"column":33},"end":{"line":56,"column":3}},"line":32},"4":{"name":"(anonymous_4)","decl":{"start":{"line":35,"column":37},"end":{"line":35,"column":38}},"loc":{"start":{"line":35,"column":55},"end":{"line":53,"column":5}},"line":35},"5":{"name":"(anonymous_5)","decl":{"start":{"line":37,"column":20},"end":{"line":37,"column":21}},"loc":{"start":{"line":37,"column":28},"end":{"line":52,"column":7}},"line":
[...]
:23}},"41":{"start":{"line":156,"column":31},"end":{"line":156,"column":67}},"42":{"start":{"line":169,"column":31},"end":{"line":169,"column":60}},"43":{"start":{"line":170,"column":33},"end":{"line":170,"column":85}},"44":{"start":{"line":174,"column":29},"end":{"line":174,"column":60}},"45":{"start":{"line":182,"column":14},"end":{"line":187,"column":21}},"46":{"start":{"line":184,"column":39},"end":{"line":184,"column":67}},"47":{"start":{"line":200,"column":14},"end":{"line":207,"column":23}},"48":{"start":{"line":202,"column":31},"end":{"line":202,"column":69}},"49":{"start":{"line":215,"column":31},"end":{"line":215,"column":64}},"50":{"start":{"line":216,"column":33},"end":{"line":216,"column":93}},"51":{"start":{"line":220,"column":29},"end":{"line":220,"column":68}},"52":{"start":{"line":228,"column":14},"end":{"line":233,"column":21}},"53":{"start":{"line":230,"column":39},"end":{"line":230,"column":71}}},"fnMap":{"0":{"name":"UserPreferences","decl":{"start":{"line":14,"column":9},"end":{"line":14,"column":24}},"loc":{"start":{"line":14,"column":58},"end":{"line":240,"column":1}},"line":14},"1":{"name":"(anonymous_1)","decl":{"start":{"line":20,"column":18},"end":{"line":20,"column":19}},"loc":{"start":{"line":20,"column":34},"end":{"line":31,"column":3}},"line":20},"2":{"name":"(anonymous_2)","decl":{"start":{"line":22,"column":21},"end":{"line":22,"column":22}},"loc":{"start":{"line":22,"column":30},"end":{"line":25,"column":7}},"line":22},"3":{"name":"(anonymous_3)","decl":{"start":{"line":33,"column":21},"end":{"line":33,"column":22}},"loc":{"start":{"line":33,"column":37},"end":{"line":38,"column":3}},"line":33},"4":{"name":"(anonymous_4)","decl":{"start":{"line":34,"column":19},"end":{"line":34,"column":20}},"loc":{"start":{"line":34,"column":28},"end":{"line":37,"column":5}},"line":34},"5":{"name":"(anonymous_5)","decl":{"start":{"line":36,"column":33},"end":{"line":36,"column":34}},"loc":{"start":{"line":36,"column":38},"end":{"line":36,"column":48}},"line":36},"6":{"name":"(anonymous_6)","decl":{"start":{"line":40,"column":23},"end":{"line":40,"column":24}},"loc":{"start":{"line":40,"column":39},"end":{"line":44,"column":3}},"line":40},"7":{"name":"(anonymous_7)","decl":{"start":{"line":64,"column":34},"end":{"line":64,"column":35}},"loc":{"start":{"line":65,"column":14},"end":{"line":72,"column":23}},"line":65},"8":{"name":"(anonymous_8)","decl":{"start":{"line":67,"column":25},"end":{"line":67,"column":26}},"loc":{"start":{"line":67,"column":31},"end":{"line":67,"column":66}},"line":67},"9":{"name":"(anonymous_9)","decl":{"start":{"line":80,"column":24},"end":{"line":80,"column":25}},"loc":{"start":{"line":80,"column":31},"end":{"line":80,"column":60}},"line":80},"10":{"name":"(anonymous_10)","decl":{"start":{"line":81,"column":26},"end":{"line":81,"column":27}},"loc":{"start":{"line":81,"column":33},"end":{"line":81,"column":86}},"line":81},"11":{"name":"(anonymous_11)","decl":{"start":{"line":85,"column":23},"end":{"line":85,"column":24}},"loc":{"start":{"line":85,"column":29},"end":{"line":85,"column":61}},"line":85},"12":{"name":"(anonymous_12)","decl":{"start":{"line":92,"column":40},"end":{"line":92,"column":41}},"loc":{"start":{"line":93,"column":14},"end":{"line":98,"column":21}},"line":93},"13":{"name":"(anonymous_13)","decl":{"start":{"line":95,"column":33},"end":{"line":95,"column":34}},"loc":{"start":{"line":95,"column":39},"end":{"line":95,"column":68}},"line":95},"14":{"name":"(anonymous_14)","decl":{"start":{"line":110,"column":36},"end":{"line":110,"column":37}},"loc":{"start":{"line":111,"column":14},"end":{"line":118,"column":23}},"line":111},"15":{"name":"(anonymous_15)","decl":{"start":{"line":113,"column":25},"end":{"line":113,"column":26}},"loc":{"start":{"line":113,"column":31},"end":{"line":113,"column":64}},"line":113},"16":{"name":"(anonymous_16)","decl":{"start":{"line":126,"column":24},"end":{"line":126,"column":25}},"loc":{"start":{"line":126,"column":31},"end":{"line":126,"column":57}},"line":126},"17":{"name":"(anonymous_17)","decl":{"start":{"line":127,"column":26},"end":{"line":127,"column":27}},"loc":{"start":{"line":127,"column":33},"end":{"line":127,"column":79}},"line":127},"18":{"name":"(anonymous_18)","decl":{"start":{"line":131,"column":23},"end":{"line":131,"column":24}},"loc":{"start":{"line":131,"column":29},"end":{"line":131,"column":54}},"line":131},"19":{"name":"(anonymous_19)","decl":{"start":{"line":138,"column":36},"end":{"line":138,"column":37}},"loc":{"start":{"line":139,"column":14},"end":{"line":144,"column":21}},"line":139},"20":{"name":"(anonymous_20)","decl":{"start":{"line":141,"column":33},"end":{"line":141,"column":34}},"loc":{"start":{"line":141,"column":39},"end":{"line":141,"column":64}},"line":141},"21":{"name":"(anonymous_21)","decl":{"start":{"line":153,"column":36},"end":{"line":153,"column":37}},"loc":{"start":{"line":154,"column":14},"end":{"line":161,"column":23}},"line":154},"22":{"name":"(anonymous_22)","decl":{"start":{"line":156,"column":25},"end":{"line":156,"column":26}},"loc":{"start":{"line":156,"column":31},"end":{"line":156,"column":67}},"line":156},"23":{"name":"(anonymous_23)","decl":{"start":{"line":169,"column":24},"end":{"line":169,"column":25}},"loc":{"start":{"line":169,"column":31},"end":{"line":169,"column":60}},"line":169},"24":{"name":"(anonymous_24)","decl":{"start":{"line":170,"column":26},"end":{"line":170,"column":27}},"loc":{"start":{"line":170,"column":33},"end":{"line":170,"column":85}},"line":170},"25":{"name":"(anonymous_25)","decl":{"start":{"line":174,"column":23},"end":{"line":174,"column":24}},"loc":{"start":{"line":174,"column":29},"end":{"line":174,"column":60}},"line":174},"26":{"name":"(anonymous_26)","decl":{"start":{"line":181,"column":39},"end":{"line":181,"column":40}},"loc":{"start":{"line":182,"column":14},"end":{"line":187,"column":21}},"line":182},"27":{"name":"(anonymous_27)","decl":{"start":{"line":184,"column":33},"end":{"line":184,"column":34}},"loc":{"start":{"line":184,"column":39},"end":{"line":184,"column":67}},"line":184},"28":{"name":"(anonymous_28)","decl":{"start":{"line":199,"column":31},"end":{"line":199,"column":32}},"loc":{"start":{"line":200,"column":14},"end":{"line":207,"column":23}},"line":200},"29":{"name":"(anonymous_29)","decl":{"start":{"line":202,"column":25},"end":{"line":202,"column":26}},"loc":{"start":{"line":202,"column":31},"end":{"line":202,"column":69}},"line":202},"30":{"name":"(anonymous_30)","decl":{"start":{"line":215,"column":24},"end":{"line":215,"column":25}},"loc":{"start":{"line":215,"column":31},"end":{"line":215,"column":64}},"line":215},"31":{"name":"(anonymous_31)","decl":{"start":{"line":216,"column":26},"end":{"line":216,"column":27}},"loc":{"start":{"line":216,"column":33},"end":{"line":216,"column":93}},"line":216},"32":{"name":"(anonymous_32)","decl":{"start":{"line":220,"column":23},"end":{"line":220,"column":24}},"loc":{"start":{"line":220,"column":29},"end":{"line":220,"column":68}},"line":220},"33":{"name":"(anonymous_33)","decl":{"start":{"line":227,"column":43},"end":{"line":227,"column":44}},"loc":{"start":{"line":228,"column":14},"end":{"line":233,"column":21}},"line":228},"34":{"name":"(anonymous_34)","decl":{"start":{"line":230,"column":33},"end":{"line":230,"column":34}},"loc":{"start":{"line":230,"column":39},"end":{"line":230,"column":71}},"line":230}},"branchMap":{"0":{"loc":{"start":{"line":21,"column":4},"end":{"line":30,"column":5}},"type":"if","locations":[{"start":{"line":21,"column":4},"end":{"line":30,"column":5}},{"start":{},"end":{}}],"line":21},"1":{"loc":{"start":{"line":24,"column":21},"end":{"line":24,"column":37}},"type":"binary-expr","locations":[{"start":{"line":24,"column":21},"end":{"line":24,"column":31}},{"start":{"line":24,"column":35},"end":{"line":24,"column":37}}],"line":24},"2":{"loc":{"start":{"line":26,"column":6},"end":{"line":26,"column":50}},"type":"if","locations":[{"start":{"line":26,"column":6},"end":{"line":26,"column":50}},{"start":{},"end":{}}],"line":26},"3":{"loc":{"start":{"line":27,"column":6},"end":{"line":27,"column":43}},"type":"if","locations":[{"start":{"line":27,"column":6},"end":{"line":27,"column":43}},{"start":{},"end":{}}],"line":27},"4":{"loc":{"start":{"line":28,"column":6},"end":{"line":28,"column":49}},"type":"if","locations":[{"start":{"line":28,"column":6},"end":{"line":28,"column":49}},{"start":{},"end":{}}],"line":28},"5":{"loc":{"start":{"line":29,"column":6},"end":{"line":29,"column":57}},"type":"if","locations":[{"start":{"line":29,"column":6},"end":{"line":29,"column":57}},{"start":{},"end":{}}],"line":29},"6":{"loc":{"start":{"line":36,"column":14},"end":{"line":36,"column":55}},"type":"binary-expr","locations":[{"start":{"line":36,"column":14},"end":{"line":36,"column":49}},{"start":{"line":36,"column":53},"end":{"line":36,"column":55}}],"line":36},"7":{"loc":{"start":{"line":41,"column":4},"end":{"line":43,"column":5}},"type":"if","locations":[{"start":{"line":41,"column":4},"end":{"line":43,"column":5}},{"start":{},"end":{}}],"line":41},"8":{"loc":{"start":{"line":68,"column":40},"end":{"line":68,"column":97}},"type":"cond-expr","locations":[{"start":{"line":68,"column":84},"end":{"line":68,"column":92}},{"start":{"line":68,"column":95},"end":{"line":68,"column":97}}],"line":68},"9":{"loc":{"start":{"line":81,"column":33},"end":{"line":81,"column":86}},"type":"binary-expr","locations":[{"start":{"line":81,"column":33},"end":{"line":81,"column":50}},{"start":{"line":81,"column":54},"end":{"line":81,"column":86}}],"line":81},"10":{"loc":{"start":{"line":114,"column":40},"end":{"line":114,"column":95}},"type":"cond-expr","locations":[{"start":{"line":114,"column":82},"end":{"line":114,"column":90}},{"start":{"line":114,"column":93},"end":{"line":114,"column":95}}],"line":114},"11":{"loc":{"start":{"line":127,"column":33},"end":{"line":127,"column":79}},"type":"binary-expr","locations":[{"start":{"line":127,"column":33},"end":{"line":127,"column":50}},{"start":{"line":127,"column":54},"end":{"line":127,"column":79}}],"line":127},"12":{"loc":{"start":{"line":157,"column":40},"end":{"line":157,"column":98}},"type":"cond-expr","locations":[{"start":{"line":157,"column":85},"end":{"line":157,"column":93}},{"start":{"line":157,"column":96},"end":{"line":157,"column":98}}],"line":157},"13":{"loc":{"start":{"line":170,"column":33},"end":{"line":170,"column":85}},"type":"binary-expr","locations":[{"start":{"line":170,"column":33},"end":{"line":170,"column":50}},{"start":{"line":170,"column":54},"end":{"line":170,"column":85}}],"line":170},"14":{"loc":{"start":{"line":203,"column":40},"end":{"line":203,"column":100}},"type":"cond-expr","locations":[{"start":{"line":203,"column":87},"end":{"line":203,"column":95}},{"start":{"line":203,"column":98},"end":{"line":203,"column":100}}],"line":203},"15":{"loc":{"start":{"line":216,"column":33},"end":{"line":216,"column":93}},"type":"binary-expr","locations":[{"start":{"line":216,"column":33},"end":{"line":216,"column":50}},{"start":{"line":216,"column":54},"end":{"line":216,"column":93}}],"line":216}},"s":{"0":2,"1":2,"2":0,"3":0,"4":0,"5":0,"6":0,"7":0,"8":0,"9":0,"10":0,"11":0,"12":0,"13":0,"14":0,"15":0,"16":0,"17":0,"18":0,"19":0,"20":0,"21":0,"22":0,"23":0,"24":0,"25":0,"26":0,"27":0,"28":0,"29":0,"30":0,"31":0,"32":0,"33":0,"34":0,"35":0,"36":0,"37":0,"38":0,"39":0,"40":0,"41":0,"42":0,"43":0,"44":0,"45":0,"46":0,"47":0,"48":0,"49":0,"50":0,"51":0,"52":0,"53":0},"f":{"0":0,"1":0,"2":0,"3":0,"4":0,"5":0,"6":0,"7":0,"8":0,"9":0,"10":0,"11":0,"12":0,"13":0,"14":0,"15":0,"16":0,"17":0,"18":0,"19":0,"20":0,"21":0,"22":0,"23":0,"24":0,"25":0,"26":0,"27":0,"28":0,"29":0,"30":0,"31":0,"32":0,"33":0,"34":0},"b":{"0":[0,0],"1":[0,0],"2":[0,0],"3":[0,0],"4":[0,0],"5":[0,0],"6":[0,0],"7":[0,0],"8":[0,0],"9":[0,0],"10":[0,0],"11":[0,0],"12":[0,0],"13":[0,0],"14":[0,0],"15":[0,0]},"_coverageSchema":"1a1c01bbd47fc00a2c39e90264f33305004495a9","hash":"504f7758554a3a458ad800d21765946e9e1cb06f"}
,"/Users/saima.javaid/Documents/Saima/KiroProject/src/data/recipes.js": {"path":"/Users/saima.javaid/Documents/Saima/KiroProject/src/data/recipes.js","statementMap":{"0":{"start":{"line":1,"column":32},"end":{"line":290,"column":1}},"1":{"start":{"line":292,"column":29},"end":{"line":295,"column":1}},"2":{"start":{"line":297,"column":36},"end":{"line":311,"column":1}},"3":{"start":{"line":298,"column":21},"end":{"line":298,"column":50}},"4":{"start":{"line":300,"column":2},"end":{"line":310,"column":4}},"5":{"start":{"line":313,"column":42},"end":{"line":347,"column":1}},"6":{"start":{"line":314,"column":2},"end":{"line":346,"column":5}},"7":{"start":{"line":316,"column":4},"end":{"line":324,"column":5}},"8":{"start":{"line":317,"column":26},"end":{"line":322,"column":7}},"9":{"start":{"line":318,"column":8},"end":{"line":321,"column":9}},"10":{"start":{"line":319,"column":10},"end":{"line":320,"column":69}},"11":{"start":{"line":323,"column":6},"end":{"line":323,"column":36}},"12":{"start":{"line":323,"column":23},"end":{"line":323,"column":36}},"13":{"start":{"line":327,"column":4},"end":{"line":335,"column":5}},"14":{"start":{"line":328,"column":26},"end":{"line":333,"column":7}},"15":{"start":{"line":329,"column":8},"end":{"line":332,"column":9}},"16":{"start":{"line":330,"column":10},"end":{"line":331,"column":66}},"17":{"start":{"line":334,"column":6},"end":{"line":334,"column":36}},"18":{"start":{"line":334,"column":23},"end":{"line":334,"column":36}},"19":{"start":{"line":338,"column":4},"end":{"line":343,"column":5}},"20":{"start":{"line":339,"column":33},"end":{"line":341,"column":7}},"21":{"start":{"line":340,"column":8},"end":{"line":340,"column":46}},"22":{"start":{"line":342,"column":6},"end":{"line":342,"column":44}},"23":{"start":{"line":342,"column":31},"end":{"line":342,"column":44}},"24":{"start":{"line":345,"column":4},"end":{"line":345,"column":16}},"25":{"start":{"line":349,"column":40},"end":{"line":375,"column":1}},"26":{"start":{"line":350,"column":14},"end":{"line":350,"column":15}},"27":{"start":{"line":353,"column":2},"end":{"line":361,"column":3}},"28":{"start":{"line":354,"column":29},"end":{"line":359,"column":5}},"29":{"start":{"line":355,"column":6},"end":{"line":358,"column":7}},"30":{"start":{"line":356,"column":8},"end":{"line":357,"column":61}},"31":{"start":{"line":360,"column":4},"end":{"line":360,"column":43}},"32":{"start":{"line":364,"column":2},"end":{"line":369,"column":3}},"33":{"start":{"line":365,"column":30},"end":{"line":367,"column":5}},"34":{"start":{"line":366,"column":6},"end":{"line":366,"column":49}},"35":{"start":{"line":368,"column":4},"end":{"line":368,"column":44}},"36":{"start":{"line":372,"column":2},"end":{"line":372,"column":37}},"37":{"start":{"line":374,"column":2},"end":{"line":374,"column":15}}},"fnMap":{"0":{"name":"(anonymous_0)","decl":{"start":{"line":297,"column":36},"end":{"line":297,"column":37}},"loc":{"start":{"line":297,"column":61},"end":{"line":311,"column":1}},"line":297},"1":{"name":"(anonymous_1)","decl":{"start":{"line":313,"column":42},"end":{"line":313,"column":43}},"loc":{"start":{"line":313,"column":68},"end":{"line":347,"column":1}},"line":313},"2":{"name":"(anonymous_2)","decl":{"start":{"line":314,"column":24},"end":{"line":314,"column":25}},"loc":{"start":{"line":314,"column":34},"end":{"line":346,"column":3}},"line":314},"3":{"name":"(anonymous_3)","decl":{"start":{"line":317,"column":48},"end":{"line":317,"column":49}},"loc":{"start":{"line":318,"column":8},"end":{"line":321,"column":9}},"line":318},"4":{"name":"(anonymous_4)","decl":{"start":{"line":318,"column":35},"end":{"line":318,"column":36}},"loc":{"start":{"line":319,"column":10},"end":{"line":320,"column":69}},"line":319},"5":{"name":"(anonymous_5)","decl":{"start":{"line":328,"column":50},"end":{"line":328,"column":51}},"loc":{"start":{"line":329,"column":8},"end":{"line":332,"column":9}},"line":329},"6":{"name":"(anonymous_6)","decl":{"start":{"line":329,"column":34},"end":{"line":329,"column":35}},"loc":{"start":{"line":330,"column":10},"end":{"line":331,"column":66}},"line":330},"7":{"name":"(anonymous_7)","decl":{"start":{"line":339,"column":63},"end":{"line":339,"column":64}},"loc":{"start":{"line":340,"column":8},"end":{"line":340,"column":46}},"line":340},"8":{"name":"(anonymous_8)","decl":{"start":{"line":349,"column":40},"end":{"line":349,"column":41}},"loc":{"start":{"line":349,"column":65},"end":{"line":375,"column":1}},"line":349},"9":{"name":"(anonymous_9)","decl":{"start":{"line":354,"column":55},"end":{"line":354,"column":56}},"loc":{"start":{"line":355,"column":6},"end":{"line":358,"column":7}},"line":355},"10":{"name":"(anonymous_10)","decl":{"start":{"line":355,"column":29},"end":{"line":355,"column":30}},"loc":{"start":{"line":356,"column":8},"end":{"line":357,"column":61}},"line":356},"11":{"name":"(anonymous_11)","decl":{"start":{"line":365,"column":57},"end":{"line":365,"column":58}},"loc":{"start":{"line":366,"column":6},"end":{"line":366,"column":49}},"line":366}},"branchMap":{"0":{"loc":{"start":{"line":316,"column":4},"end":{"line":324,"column":5}},"type":"if","locations":[{"start":{"line":316,"column":4},"end":{"line":324,"column":5}},{"start":{},"end":{}}],"line":316},"1":{"loc":{"start":{"line":319,"column":10},"end":{"line":320,"column":69}},"type":"binary-expr","locations":[{"start":{"line":319,"column":10},"end":{"line":319,"column":69}},{"start":{"line":320,"column":10},"end":{"line":320,"column":69}}],"line":319},"2":{"loc":{"start":{"line":323,"column":6},"end":{"line":323,"column":36}},"type":"if","locations":[{"start":{"line":323,"column":6},"end":{"line":323,"column":36}},{"start":{},"end":{}}],"line":323},"3":{"loc":{"start":{"line":327,"column":4},"end":{"line":335,"column":5}},"type":"if","locations":[{"start":{"line":327,"column":4},"end":{"line":335,"column":5}},{"start":{},"end":{}}],"line":327},"4":{"loc":{"start":{"line":330,"column":10},"end":{"line":331,"column":66}},"type":"binary-expr","locations":[{"start":{"line":330,"column":10},"end":{"line":330,"column":66}},{"start":{"line":331,"column":10},"end":{"line":331,"column":66}}],"line":330},"5":{"loc":{"start":{"line":334,"column":6},"end":{"line":334,"column":36}},"type":"if","locations":[{"start":{"line":334,"column":6},"end":{"line":334,"column":36}},{"start":{},"end":{}}],"line":334},"6":{"loc":{"start":{"line":338,"column":4},"end":{"line":343,"column":5}},"type":"if","locations":[{"start":{"line":338,"column":4},"end":{"line":343,"column":5}},{"start":{},"end":{}}],"line":338},"7":{"loc":{"start":{"line":342,"column":6},"end":{"line":342,"column":44}},"type":"if","locations":[{"start":{"line":342,"column":6},"end":{"line":342,"column":44}},{"start":{},"end":{}}],"line":342},"8":{"loc":{"start":{"line":353,"column":2},"end":{"line":361,"column":3}},"type":"if","locations":[{"start":{"line":353,"column":2},"end":{"line":361,"column":3}},{"start":{},"end":{}}],"line":353},"9":{"loc":{"start":{"line":356,"column":8},"end":{"line":357,"column":61}},"type":"binary-expr","locations":[{"start":{"line":356,"column":8},"end":{"line":356,"column":61}},{"start":{"line":357,"column":8},"end":{"line":357,"column":61}}],"line":356},"10":{"loc":{"start":{"line":364,"column":2},"end":{"line":369,"column":3}},"type":"if","locations":[{"start":{"line":364,"column":2},"end":{"line":369,"column":3}},{"start":{},"end":{}}],"line":364}},"s":{"0":4,"1":4,"2":4,"3":2,"4":2,"5":4,"6":4,"7":15,"8":1,"9":1,"10":1,"11":1,"12":1,"13":14,"14":1,"15":2,"16":2,"17":1,"18":1,"19":13,"20":1,"21":1,"22":1,"23":0,"24":13,"25":4,"26":2,"27":2,"28":1,"29":2,"30":2,"31":1,"32":2,"33":1,"34":1,"35":1,"36":2,"37":2},"f":{"0":2,"1":4,"2":15,"3":1,"4":1,"5":2,"6":2,"7":1,"8":2,"9":2,"10":2,"11":1},"b":{"0":[1,14],"1":[1,0],"2":[1,0],"3":[1,13],"4":[2,1],"5":[1,0],"6":[1,12],"7":[0,1],"8":[1,1],"9":[2,1],"10":[1,1]},"_coverageSchema":"1a1c01bbd47fc00a2c39e90264f33305004495a9","hash":"cc444ecbec9aca97e3e4f3869b55f2682905a2f8"}
}
