TN:
SF:src/App.js
FN:15,App
FN:166,HomePage
FNF:2
FNH:2
FNDA:6,App
FNDA:4,HomePage
DA:16,6
DA:17,6
DA:18,6
DA:24,6
DA:26,6
DA:167,4
LF:6
LH:6
BRF:0
BRH:0
end_of_record
TN:
SF:src/index.js
FNF:0
FNH:0
DA:6,0
DA:7,0
LF:2
LH:0
BRF:0
BRH:0
end_of_record
TN:
SF:src/components/GroceryInventory.js
FN:5,GroceryInventory
FN:9,(anonymous_1)
FN:12,(anonymous_2)
FN:23,(anonymous_3)
FN:24,(anonymous_4)
FN:24,(anonymous_5)
FN:27,(anonymous_6)
FN:28,(anonymous_7)
FN:28,(anonymous_8)
FN:53,(anonymous_9)
FN:60,(anonymous_10)
FN:77,(anonymous_11)
FN:85,(anonymous_12)
FN:92,(anonymous_13)
FNF:14
FNH:2
FNDA:9,GroceryInventory
FNDA:0,(anonymous_1)
FNDA:0,(anonymous_2)
FNDA:0,(anonymous_3)
FNDA:0,(anonymous_4)
FNDA:0,(anonymous_5)
FNDA:0,(anonymous_6)
FNDA:0,(anonymous_7)
FNDA:0,(anonymous_8)
FNDA:0,(anonymous_9)
FNDA:0,(anonymous_10)
FNDA:6,(anonymous_11)
FNDA:0,(anonymous_12)
FNDA:0,(anonymous_13)
DA:6,9
DA:7,9
DA:9,9
DA:10,0
DA:11,0
DA:12,0
DA:18,0
DA:19,0
DA:23,9
DA:24,0
DA:27,9
DA:28,0
DA:29,0
DA:33,9
DA:53,0
DA:60,0
DA:78,6
DA:85,0
DA:92,0
LF:19
LH:7
BRDA:11,0,0,0
BRDA:11,0,1,0
BRDA:15,1,0,0
BRDA:15,1,1,0
BRDA:29,2,0,0
BRDA:29,2,1,0
BRDA:41,3,0,9
BRDA:41,3,1,4
BRDA:69,4,0,5
BRDA:69,4,1,4
BRF:10
BRH:4
end_of_record
TN:
SF:src/components/GroceryManager.js
FN:44,GroceryManager
FN:50,(anonymous_1)
FN:51,(anonymous_2)
FN:55,(anonymous_3)
FN:56,(anonymous_4)
FN:57,(anonymous_5)
FN:71,(anonymous_6)
FN:76,(anonymous_7)
FN:77,(anonymous_8)
FN:93,(anonymous_9)
FN:105,(anonymous_10)
FN:112,(anonymous_11)
FN:126,(anonymous_12)
FN:127,(anonymous_13)
FN:127,(anonymous_14)
FN:132,(anonymous_15)
FN:133,(anonymous_16)
FN:142,(anonymous_17)
FN:142,(anonymous_18)
FN:145,(anonymous_19)
FN:146,(anonymous_20)
FN:147,(anonymous_21)
FN:160,(anonymous_22)
FN:161,(anonymous_23)
FN:166,(anonymous_24)
FN:168,(anonymous_25)
FN:169,(anonymous_26)
FN:174,(anonymous_27)
FN:226,(anonymous_28)
FN:249,(anonymous_29)
FN:250,(anonymous_30)
FN:250,(anonymous_31)
FN:257,(anonymous_32)
FN:258,(anonymous_33)
FN:258,(anonymous_34)
FN:265,(anonymous_35)
FN:267,(anonymous_36)
FN:270,(anonymous_37)
FN:275,(anonymous_38)
FN:279,(anonymous_39)
FN:283,(anonymous_40)
FN:302,(anonymous_41)
FN:319,(anonymous_42)
FN:320,(anonymous_43)
FN:322,(anonymous_44)
FN:325,(anonymous_45)
FN:329,(anonymous_46)
FN:360,(anonymous_47)
FN:367,(anonymous_48)
FNF:49
FNH:0
FNDA:0,GroceryManager
FNDA:0,(anonymous_1)
FNDA:0,(anonymous_2)
FNDA:0,(anonymous_3)
FNDA:0,(anonymous_4)
FNDA:0,(anonymous_5)
FNDA:0,(anonymous_6)
FNDA:0,(anonymous_7)
FNDA:0,(anonymous_8)
FNDA:0,(anonymous_9)
FNDA:0,(anonymous_10)
FNDA:0,(anonymous_11)
FNDA:0,(anonymous_12)
FNDA:0,(anonymous_13)
FNDA:0,(anonymous_14)
FNDA:0,(anonymous_15)
FNDA:0,(anonymous_16)
FNDA:0,(anonymous_17)
FNDA:0,(anonymous_18)
FNDA:0,(anonymous_19)
FNDA:0,(anonymous_20)
FNDA:0,(anonymous_21)
FNDA:0,(anonymous_22)
FNDA:0,(anonymous_23)
FNDA:0,(anonymous_24)
FNDA:0,(anonymous_25)
FNDA:0,(anonymous_26)
FNDA:0,(anonymous_27)
FNDA:0,(anonymous_28)
FNDA:0,(anonymous_29)
FNDA:0,(anonymous_30)
FNDA:0,(anonymous_31)
FNDA:0,(anonymous_32)
FNDA:0,(anonymous_33)
FNDA:0,(anonymous_34)
FNDA:0,(anonymous_35)
FNDA:0,(anonymous_36)
FNDA:0,(anonymous_37)
FNDA:0,(anonymous_38)
FNDA:0,(anonymous_39)
FNDA:0,(anonymous_40)
FNDA:0,(anonymous_41)
FNDA:0,(anonymous_42)
FNDA:0,(anonymous_43)
FNDA:0,(anonymous_44)
FNDA:0,(anonymous_45)
FNDA:0,(anonymous_46)
FNDA:0,(anonymous_47)
FNDA:0,(anonymous_48)
DA:5,2
DA:45,0
DA:46,0
DA:47,0
DA:50,0
DA:51,0
DA:52,0
DA:55,0
DA:56,0
DA:57,0
DA:58,0
DA:59,0
DA:64,0
DA:70,0
DA:71,0
DA:75,0
DA:76,0
DA:77,0
DA:87,0
DA:90,0
DA:93,0
DA:94,0
DA:103,0
DA:104,0
DA:105,0
DA:106,0
DA:109,0
DA:112,0
DA:113,0
DA:119,0
DA:120,0
DA:121,0
DA:123,0
DA:126,0
DA:127,0
DA:128,0
DA:132,0
DA:133,0
DA:142,0
DA:145,0
DA:146,0
DA:147,0
DA:149,0
DA:157,0
DA:160,0
DA:161,0
DA:162,0
DA:166,0
DA:167,0
DA:168,0
DA:169,0
DA:171,0
DA:174,0
DA:175,0
DA:176,0
DA:177,0
DA:178,0
DA:181,0
DA:226,0
DA:250,0
DA:258,0
DA:265,0
DA:267,0
DA:270,0
DA:276,0
DA:280,0
DA:283,0
DA:302,0
DA:319,0
DA:320,0
DA:322,0
DA:326,0
DA:329,0
DA:360,0
DA:367,0
LF:75
LH:1
BRDA:62,0,0,0
BRDA:62,0,1,0
BRDA:105,1,0,0
BRDA:105,1,1,0
BRDA:105,2,0,0
BRDA:105,2,1,0
BRDA:121,3,0,0
BRDA:121,3,1,0
BRDA:128,4,0,0
BRDA:128,4,1,0
BRDA:171,5,0,0
BRDA:171,5,1,0
BRDA:176,6,0,0
BRDA:176,6,1,0
BRDA:202,7,0,0
BRDA:202,7,1,0
BRDA:239,8,0,0
BRDA:239,8,1,0
BRDA:280,9,0,0
BRDA:280,9,1,0
BRDA:284,10,0,0
BRDA:284,10,1,0
BRDA:286,11,0,0
BRDA:286,11,1,0
BRDA:296,12,0,0
BRDA:296,12,1,0
BRDA:318,13,0,0
BRDA:318,13,1,0
BRDA:328,14,0,0
BRDA:328,14,1,0
BRDA:340,15,0,0
BRDA:340,15,1,0
BRDA:360,16,0,0
BRDA:360,16,1,0
BRF:34
BRH:0
end_of_record
TN:
SF:src/components/IntegratedMealFlow.js
FN:5,IntegratedMealFlow
FN:25,(anonymous_1)
FN:34,(anonymous_2)
FN:45,(anonymous_3)
FN:49,(anonymous_4)
FN:50,(anonymous_5)
FN:53,(anonymous_6)
FN:106,(anonymous_7)
FN:144,(anonymous_8)
FN:157,(anonymous_9)
FN:174,(anonymous_10)
FN:178,(anonymous_11)
FN:190,(anonymous_12)
FN:207,(anonymous_13)
FNF:14
FNH:0
FNDA:0,IntegratedMealFlow
FNDA:0,(anonymous_1)
FNDA:0,(anonymous_2)
FNDA:0,(anonymous_3)
FNDA:0,(anonymous_4)
FNDA:0,(anonymous_5)
FNDA:0,(anonymous_6)
FNDA:0,(anonymous_7)
FNDA:0,(anonymous_8)
FNDA:0,(anonymous_9)
FNDA:0,(anonymous_10)
FNDA:0,(anonymous_11)
FNDA:0,(anonymous_12)
FNDA:0,(anonymous_13)
DA:6,0
DA:7,0
DA:8,0
DA:10,0
DA:17,0
DA:25,0
DA:34,0
DA:45,0
DA:49,0
DA:50,0
DA:53,0
DA:54,0
DA:55,0
DA:57,0
DA:58,0
DA:65,0
DA:73,0
DA:81,0
DA:90,0
DA:93,0
DA:107,0
DA:145,0
DA:157,0
DA:175,0
DA:178,0
DA:191,0
DA:208,0
DA:209,0
LF:28
LH:0
BRDA:57,0,0,0
BRDA:57,0,1,0
BRDA:107,1,0,0
BRDA:107,1,1,0
BRDA:109,2,0,0
BRDA:109,2,1,0
BRDA:112,3,0,0
BRDA:112,3,1,0
BRDA:133,4,0,0
BRDA:133,4,1,0
BRDA:151,5,0,0
BRDA:151,5,1,0
BRDA:170,6,0,0
BRDA:170,6,1,0
BRDA:177,7,0,0
BRDA:177,7,1,0
BRDA:177,8,0,0
BRDA:177,8,1,0
BRDA:178,9,0,0
BRDA:178,9,1,0
BRDA:200,10,0,0
BRDA:200,10,1,0
BRDA:209,11,0,0
BRDA:209,11,1,0
BRDA:211,12,0,0
BRDA:211,12,1,0
BRDA:214,13,0,0
BRDA:214,13,1,0
BRF:28
BRH:0
end_of_record
TN:
SF:src/components/MealPlanner.js
FN:10,CollapsibleSection
FN:17,(anonymous_1)
FN:25,(anonymous_2)
FN:40,CollapsibleDay
FN:43,(anonymous_4)
FN:45,(anonymous_5)
FN:47,(anonymous_6)
FN:64,(anonymous_7)
FN:81,(anonymous_8)
FN:94,(anonymous_9)
FN:102,(anonymous_10)
FN:114,(anonymous_11)
FN:126,(anonymous_12)
FN:144,MealPlanner
FN:152,(anonymous_14)
FN:156,(anonymous_15)
FN:163,(anonymous_16)
FN:164,(anonymous_17)
FN:170,(anonymous_18)
FN:172,(anonymous_19)
FN:174,(anonymous_20)
FN:178,(anonymous_21)
FN:183,(anonymous_22)
FN:184,(anonymous_23)
FN:185,(anonymous_24)
FN:199,(anonymous_25)
FN:204,(anonymous_26)
FN:212,(anonymous_27)
FN:234,(anonymous_28)
FN:236,(anonymous_29)
FN:239,(anonymous_30)
FN:241,(anonymous_31)
FN:242,(anonymous_32)
FN:270,(anonymous_33)
FN:273,(anonymous_34)
FN:280,(anonymous_35)
FN:283,(anonymous_36)
FN:289,(anonymous_37)
FN:298,(anonymous_38)
FN:299,(anonymous_39)
FN:311,(anonymous_40)
FN:342,(anonymous_41)
FN:376,(anonymous_42)
FN:396,(anonymous_43)
FN:425,(anonymous_44)
FN:436,(anonymous_45)
FN:455,(anonymous_46)
FN:480,(anonymous_47)
FN:502,(anonymous_48)
FN:503,(anonymous_49)
FN:506,(anonymous_50)
FN:507,(anonymous_51)
FN:525,(anonymous_52)
FN:546,(anonymous_53)
FN:553,(anonymous_54)
FN:564,(anonymous_55)
FN:572,(anonymous_56)
FN:573,(anonymous_57)
FN:590,(anonymous_58)
FN:590,(anonymous_59)
FN:611,(anonymous_60)
FN:626,(anonymous_61)
FN:636,(anonymous_62)
FN:648,(anonymous_63)
FNF:64
FNH:25
FNDA:12,CollapsibleSection
FNDA:0,(anonymous_1)
FNDA:0,(anonymous_2)
FNDA:42,CollapsibleDay
FNDA:42,(anonymous_4)
FNDA:168,(anonymous_5)
FNDA:0,(anonymous_6)
FNDA:0,(anonymous_7)
FNDA:0,(anonymous_8)
FNDA:24,(anonymous_9)
FNDA:0,(anonymous_10)
FNDA:0,(anonymous_11)
FNDA:0,(anonymous_12)
FNDA:14,MealPlanner
FNDA:0,(anonymous_14)
FNDA:0,(anonymous_15)
FNDA:0,(anonymous_16)
FNDA:0,(anonymous_17)
FNDA:0,(anonymous_18)
FNDA:0,(anonymous_19)
FNDA:0,(anonymous_20)
FNDA:20,(anonymous_21)
FNDA:8,(anonymous_22)
FNDA:8,(anonymous_23)
FNDA:0,(anonymous_24)
FNDA:0,(anonymous_25)
FNDA:0,(anonymous_26)
FNDA:0,(anonymous_27)
FNDA:1,(anonymous_28)
FNDA:12,(anonymous_29)
FNDA:14,(anonymous_30)
FNDA:12,(anonymous_31)
FNDA:12,(anonymous_32)
FNDA:0,(anonymous_33)
FNDA:98,(anonymous_34)
FNDA:0,(anonymous_35)
FNDA:56,(anonymous_36)
FNDA:1,(anonymous_37)
FNDA:98,(anonymous_38)
FNDA:392,(anonymous_39)
FNDA:0,(anonymous_40)
FNDA:14,(anonymous_41)
FNDA:6,(anonymous_42)
FNDA:14,(anonymous_43)
FNDA:0,(anonymous_44)
FNDA:0,(anonymous_45)
FNDA:0,(anonymous_46)
FNDA:0,(anonymous_47)
FNDA:0,(anonymous_48)
FNDA:0,(anonymous_49)
FNDA:3,(anonymous_50)
FNDA:0,(anonymous_51)
FNDA:15,(anonymous_52)
FNDA:9,(anonymous_53)
FNDA:0,(anonymous_54)
FNDA:0,(anonymous_55)
FNDA:0,(anonymous_56)
FNDA:0,(anonymous_57)
FNDA:0,(anonymous_58)
FNDA:0,(anonymous_59)
FNDA:0,(anonymous_60)
FNDA:0,(anonymous_61)
FNDA:0,(anonymous_62)
FNDA:0,(anonymous_63)
DA:7,2
DA:8,2
DA:11,12
DA:13,12
DA:17,0
DA:25,0
DA:41,42
DA:43,42
DA:44,42
DA:45,42
DA:46,168
DA:47,168
DA:48,0
DA:49,0
DA:50,0
DA:54,42
DA:57,42
DA:58,42
DA:60,42
DA:64,0
DA:82,0
DA:83,0
DA:95,24
DA:96,24
DA:102,0
DA:115,0
DA:126,0
DA:145,14
DA:146,14
DA:147,14
DA:148,14
DA:149,14
DA:150,14
DA:152,14
DA:153,0
DA:154,0
DA:156,0
DA:160,0
DA:163,14
DA:164,0
DA:170,14
DA:171,0
DA:172,0
DA:174,0
DA:178,14
DA:179,20
DA:180,20
DA:183,20
DA:184,8
DA:185,8
DA:186,0
DA:187,0
DA:189,0
DA:190,0
DA:192,0
DA:198,12
DA:199,0
DA:203,12
DA:204,0
DA:208,12
DA:209,12
DA:210,12
DA:212,12
DA:213,0
DA:214,0
DA:216,0
DA:222,0
DA:223,0
DA:224,0
DA:225,0
DA:227,0
DA:231,12
DA:234,14
DA:235,1
DA:236,12
DA:239,14
DA:240,14
DA:241,14
DA:242,12
DA:243,12
DA:244,12
DA:245,12
DA:246,12
DA:247,12
DA:248,12
DA:252,14
DA:255,14
DA:270,0
DA:274,98
DA:280,0
DA:284,56
DA:289,1
DA:299,98
DA:300,392
DA:303,98
DA:312,0
DA:313,0
DA:314,0
DA:343,14
DA:344,14
DA:377,6
DA:378,6
DA:397,14
DA:399,6
DA:400,6
DA:407,0
DA:426,0
DA:437,0
DA:456,0
DA:481,0
DA:502,0
DA:503,0
DA:507,3
DA:526,15
DA:547,9
DA:554,0
DA:555,0
DA:564,0
DA:572,0
DA:573,0
DA:590,0
DA:612,0
DA:627,0
DA:637,0
DA:638,0
DA:639,0
DA:648,0
LF:127
LH:69
BRDA:10,0,0,0
BRDA:14,1,0,0
BRDA:14,1,1,12
BRDA:20,2,0,0
BRDA:20,2,1,12
BRDA:24,3,0,12
BRDA:24,3,1,6
BRDA:31,4,0,12
BRDA:31,4,1,0
BRDA:41,5,0,42
BRDA:41,5,1,42
BRDA:46,6,0,168
BRDA:46,6,1,168
BRDA:48,7,0,0
BRDA:48,7,1,0
BRDA:61,8,0,6
BRDA:61,8,1,36
BRDA:61,9,0,6
BRDA:61,9,1,36
BRDA:68,10,0,6
BRDA:68,10,1,36
BRDA:69,11,0,42
BRDA:69,11,1,6
BRDA:72,12,0,42
BRDA:72,12,1,0
BRDA:73,13,0,42
BRDA:73,13,1,0
BRDA:92,14,0,42
BRDA:92,14,1,6
BRDA:95,15,0,24
BRDA:95,15,1,24
BRDA:108,16,0,24
BRDA:108,16,1,0
BRDA:119,17,0,0
BRDA:119,17,1,0
BRDA:152,18,0,0
BRDA:154,19,0,0
BRDA:154,19,1,0
BRDA:158,20,0,0
BRDA:158,20,1,0
BRDA:174,21,0,0
BRDA:174,21,1,0
BRDA:189,22,0,0
BRDA:189,22,1,0
BRDA:199,23,0,12
BRDA:199,23,1,0
BRDA:204,24,0,12
BRDA:204,24,1,12
BRDA:214,25,0,0
BRDA:214,25,1,0
BRDA:222,26,0,0
BRDA:222,26,1,0
BRDA:224,27,0,0
BRDA:224,27,1,0
BRDA:243,28,0,12
BRDA:243,28,1,0
BRDA:300,29,0,392
BRDA:300,29,1,380
BRDA:382,30,0,6
BRDA:382,30,1,0
BRDA:386,31,0,6
BRDA:386,31,1,0
BRDA:399,32,0,6
BRDA:399,32,1,0
BRDA:399,33,0,6
BRDA:399,33,1,6
BRDA:399,33,2,6
BRDA:409,34,0,0
BRDA:409,34,1,0
BRDA:409,34,2,0
BRDA:429,35,0,0
BRDA:429,35,1,0
BRDA:432,36,0,0
BRDA:432,36,1,0
BRDA:436,37,0,0
BRDA:436,37,1,0
BRDA:446,38,0,0
BRDA:446,38,1,0
BRDA:459,39,0,0
BRDA:459,39,1,0
BRDA:462,40,0,0
BRDA:462,40,1,0
BRDA:471,41,0,0
BRDA:471,41,1,0
BRDA:484,42,0,0
BRDA:484,42,1,0
BRDA:487,43,0,0
BRDA:487,43,1,0
BRDA:501,44,0,6
BRDA:501,44,1,1
BRDA:526,45,0,12
BRDA:526,45,1,3
BRDA:571,46,0,6
BRDA:571,46,1,0
BRDA:622,47,0,0
BRDA:622,47,1,0
BRDA:644,48,0,0
BRDA:644,48,1,0
BRF:98
BRH:41
end_of_record
TN:
SF:src/components/MealPrepScheduler.js
FN:7,MealPrepScheduler
FN:14,(anonymous_1)
FN:26,(anonymous_2)
FN:32,(anonymous_3)
FN:35,(anonymous_4)
FN:37,(anonymous_5)
FN:58,(anonymous_6)
FN:59,(anonymous_7)
FN:66,(anonymous_8)
FN:67,(anonymous_9)
FN:77,(anonymous_10)
FN:86,(anonymous_11)
FN:93,(anonymous_12)
FN:101,(anonymous_13)
FN:103,(anonymous_14)
FN:108,(anonymous_15)
FN:110,(anonymous_16)
FN:115,(anonymous_17)
FN:117,(anonymous_18)
FN:132,(anonymous_19)
FN:148,(anonymous_20)
FN:165,(anonymous_21)
FN:210,(anonymous_22)
FN:224,(anonymous_23)
FN:240,(anonymous_24)
FN:249,(anonymous_25)
FN:264,(anonymous_26)
FN:267,(anonymous_27)
FN:291,(anonymous_28)
FN:298,(anonymous_29)
FN:325,(anonymous_30)
FN:332,(anonymous_31)
FN:339,(anonymous_32)
FNF:33
FNH:0
FNDA:0,MealPrepScheduler
FNDA:0,(anonymous_1)
FNDA:0,(anonymous_2)
FNDA:0,(anonymous_3)
FNDA:0,(anonymous_4)
FNDA:0,(anonymous_5)
FNDA:0,(anonymous_6)
FNDA:0,(anonymous_7)
FNDA:0,(anonymous_8)
FNDA:0,(anonymous_9)
FNDA:0,(anonymous_10)
FNDA:0,(anonymous_11)
FNDA:0,(anonymous_12)
FNDA:0,(anonymous_13)
FNDA:0,(anonymous_14)
FNDA:0,(anonymous_15)
FNDA:0,(anonymous_16)
FNDA:0,(anonymous_17)
FNDA:0,(anonymous_18)
FNDA:0,(anonymous_19)
FNDA:0,(anonymous_20)
FNDA:0,(anonymous_21)
FNDA:0,(anonymous_22)
FNDA:0,(anonymous_23)
FNDA:0,(anonymous_24)
FNDA:0,(anonymous_25)
FNDA:0,(anonymous_26)
FNDA:0,(anonymous_27)
FNDA:0,(anonymous_28)
FNDA:0,(anonymous_29)
FNDA:0,(anonymous_30)
FNDA:0,(anonymous_31)
FNDA:0,(anonymous_32)
DA:5,2
DA:8,0
DA:9,0
DA:10,0
DA:11,0
DA:14,0
DA:15,0
DA:16,0
DA:17,0
DA:18,0
DA:20,0
DA:26,0
DA:27,0
DA:28,0
DA:32,0
DA:33,0
DA:35,0
DA:36,0
DA:37,0
DA:38,0
DA:39,0
DA:55,0
DA:58,0
DA:59,0
DA:63,0
DA:66,0
DA:67,0
DA:74,0
DA:77,0
DA:78,0
DA:79,0
DA:81,0
DA:82,0
DA:83,0
DA:84,0
DA:85,0
DA:86,0
DA:87,0
DA:88,0
DA:93,0
DA:94,0
DA:95,0
DA:96,0
DA:97,0
DA:101,0
DA:102,0
DA:103,0
DA:104,0
DA:108,0
DA:109,0
DA:110,0
DA:111,0
DA:115,0
DA:116,0
DA:117,0
DA:118,0
DA:119,0
DA:120,0
DA:124,0
DA:126,0
DA:127,0
DA:132,0
DA:148,0
DA:159,0
DA:165,0
DA:210,0
DA:225,0
DA:241,0
DA:242,0
DA:250,0
DA:265,0
DA:267,0
DA:292,0
DA:298,0
DA:326,0
DA:327,0
DA:333,0
DA:340,0
DA:341,0
DA:342,0
DA:343,0
LF:81
LH:1
BRDA:16,0,0,0
BRDA:16,0,1,0
BRDA:27,1,0,0
BRDA:27,1,1,0
BRDA:38,2,0,0
BRDA:38,2,1,0
BRDA:61,3,0,0
BRDA:61,3,1,0
BRDA:82,4,0,0
BRDA:82,4,1,0
BRDA:94,5,0,0
BRDA:94,5,1,0
BRDA:118,6,0,0
BRDA:118,6,1,0
BRDA:119,7,0,0
BRDA:119,7,1,0
BRDA:126,8,0,0
BRDA:126,8,1,0
BRDA:172,9,0,0
BRDA:172,9,1,0
BRDA:217,10,0,0
BRDA:217,10,1,0
BRDA:241,11,0,0
BRDA:241,11,1,0
BRDA:268,12,0,0
BRDA:268,12,1,0
BRDA:294,13,0,0
BRDA:294,13,1,0
BRDA:299,14,0,0
BRDA:299,14,1,0
BRDA:301,15,0,0
BRDA:301,15,1,0
BRDA:317,16,0,0
BRDA:317,16,1,0
BRDA:324,17,0,0
BRDA:324,17,1,0
BRDA:326,18,0,0
BRDA:326,18,1,0
BRDA:334,19,0,0
BRDA:334,19,1,0
BRDA:354,20,0,0
BRDA:354,20,1,0
BRF:42
BRH:0
end_of_record
TN:
SF:src/components/MealScheduler.js
FN:13,MealScheduler
FN:19,(anonymous_1)
FN:31,(anonymous_2)
FN:35,(anonymous_3)
FN:37,(anonymous_4)
FN:43,(anonymous_5)
FN:45,(anonymous_6)
FN:56,(anonymous_7)
FN:61,(anonymous_8)
FN:65,(anonymous_9)
FN:72,(anonymous_10)
FN:73,(anonymous_11)
FN:96,(anonymous_12)
FN:106,(anonymous_13)
FN:109,(anonymous_14)
FN:110,(anonymous_15)
FN:127,(anonymous_16)
FN:131,(anonymous_17)
FN:145,(anonymous_18)
FN:152,(anonymous_19)
FN:190,(anonymous_20)
FN:201,(anonymous_21)
FN:204,(anonymous_22)
FN:216,(anonymous_23)
FN:219,(anonymous_24)
FN:230,(anonymous_25)
FN:246,(anonymous_26)
FN:250,(anonymous_27)
FN:264,(anonymous_28)
FNF:29
FNH:0
FNDA:0,MealScheduler
FNDA:0,(anonymous_1)
FNDA:0,(anonymous_2)
FNDA:0,(anonymous_3)
FNDA:0,(anonymous_4)
FNDA:0,(anonymous_5)
FNDA:0,(anonymous_6)
FNDA:0,(anonymous_7)
FNDA:0,(anonymous_8)
FNDA:0,(anonymous_9)
FNDA:0,(anonymous_10)
FNDA:0,(anonymous_11)
FNDA:0,(anonymous_12)
FNDA:0,(anonymous_13)
FNDA:0,(anonymous_14)
FNDA:0,(anonymous_15)
FNDA:0,(anonymous_16)
FNDA:0,(anonymous_17)
FNDA:0,(anonymous_18)
FNDA:0,(anonymous_19)
FNDA:0,(anonymous_20)
FNDA:0,(anonymous_21)
FNDA:0,(anonymous_22)
FNDA:0,(anonymous_23)
FNDA:0,(anonymous_24)
FNDA:0,(anonymous_25)
FNDA:0,(anonymous_26)
FNDA:0,(anonymous_27)
FNDA:0,(anonymous_28)
DA:4,2
DA:11,2
DA:14,0
DA:15,0
DA:16,0
DA:19,0
DA:20,0
DA:21,0
DA:22,0
DA:23,0
DA:25,0
DA:31,0
DA:32,0
DA:35,0
DA:36,0
DA:37,0
DA:43,0
DA:44,0
DA:45,0
DA:51,0
DA:52,0
DA:56,0
DA:57,0
DA:58,0
DA:59,0
DA:61,0
DA:62,0
DA:65,0
DA:66,0
DA:67,0
DA:68,0
DA:70,0
DA:72,0
DA:73,0
DA:74,0
DA:75,0
DA:76,0
DA:77,0
DA:78,0
DA:79,0
DA:81,0
DA:82,0
DA:96,0
DA:97,0
DA:98,0
DA:99,0
DA:100,0
DA:102,0
DA:106,0
DA:107,0
DA:109,0
DA:110,0
DA:111,0
DA:112,0
DA:113,0
DA:124,0
DA:127,0
DA:128,0
DA:129,0
DA:131,0
DA:132,0
DA:134,0
DA:135,0
DA:136,0
DA:137,0
DA:139,0
DA:140,0
DA:142,0
DA:143,0
DA:145,0
DA:146,0
DA:149,0
DA:150,0
DA:151,0
DA:152,0
DA:153,0
DA:154,0
DA:157,0
DA:159,0
DA:160,0
DA:161,0
DA:162,0
DA:163,0
DA:164,0
DA:165,0
DA:168,0
DA:191,0
DA:201,0
DA:204,0
DA:217,0
DA:219,0
DA:231,0
DA:232,0
DA:233,0
DA:235,0
DA:246,0
DA:250,0
DA:265,0
LF:98
LH:2
BRDA:21,0,0,0
BRDA:21,0,1,0
BRDA:51,1,0,0
BRDA:51,1,1,0
BRDA:59,2,0,0
BRDA:59,2,1,0
BRDA:62,3,0,0
BRDA:62,3,1,0
BRDA:76,4,0,0
BRDA:76,4,1,0
BRDA:76,5,0,0
BRDA:76,5,1,0
BRDA:79,6,0,0
BRDA:79,6,1,0
BRDA:81,7,0,0
BRDA:81,7,1,0
BRDA:97,8,0,0
BRDA:97,8,1,0
BRDA:97,9,0,0
BRDA:97,9,1,0
BRDA:98,10,0,0
BRDA:98,10,1,0
BRDA:98,11,0,0
BRDA:98,11,1,0
BRDA:99,12,0,0
BRDA:99,12,1,0
BRDA:112,13,0,0
BRDA:112,13,1,0
BRDA:112,14,0,0
BRDA:112,14,1,0
BRDA:135,15,0,0
BRDA:135,15,1,0
BRDA:191,16,0,0
BRDA:191,16,1,0
BRDA:196,17,0,0
BRDA:196,17,1,0
BRDA:205,18,0,0
BRDA:205,18,1,0
BRDA:220,19,0,0
BRDA:220,19,1,0
BRDA:232,20,0,0
BRDA:232,20,1,0
BRDA:251,21,0,0
BRDA:251,21,1,0
BRDA:259,22,0,0
BRDA:259,22,1,0
BRF:46
BRH:0
end_of_record
TN:
SF:src/components/QuickMealPlanner.js
FN:35,QuickMealPlanner
FN:42,(anonymous_1)
FN:47,(anonymous_2)
FN:50,(anonymous_3)
FN:53,(anonymous_4)
FN:72,(anonymous_5)
FN:73,(anonymous_6)
FN:86,(anonymous_7)
FN:92,(anonymous_8)
FN:93,(anonymous_9)
FN:95,(anonymous_10)
FN:111,(anonymous_11)
FN:113,(anonymous_12)
FN:119,(anonymous_13)
FN:127,(anonymous_14)
FN:131,(anonymous_15)
FN:144,(anonymous_16)
FN:148,(anonymous_17)
FN:153,(anonymous_18)
FN:155,(anonymous_19)
FN:156,(anonymous_20)
FN:160,(anonymous_21)
FN:161,(anonymous_22)
FN:163,(anonymous_23)
FN:168,(anonymous_24)
FN:169,(anonymous_25)
FN:171,(anonymous_26)
FN:199,(anonymous_27)
FN:202,(anonymous_28)
FN:214,(anonymous_29)
FN:217,(anonymous_30)
FN:230,(anonymous_31)
FN:233,(anonymous_32)
FN:247,(anonymous_33)
FN:251,(anonymous_34)
FN:264,(anonymous_35)
FN:318,(anonymous_36)
FN:322,(anonymous_37)
FN:344,(anonymous_38)
FN:345,(anonymous_39)
FN:352,(anonymous_40)
FN:358,(anonymous_41)
FN:372,(anonymous_42)
FN:379,(anonymous_43)
FNF:44
FNH:0
FNDA:0,QuickMealPlanner
FNDA:0,(anonymous_1)
FNDA:0,(anonymous_2)
FNDA:0,(anonymous_3)
FNDA:0,(anonymous_4)
FNDA:0,(anonymous_5)
FNDA:0,(anonymous_6)
FNDA:0,(anonymous_7)
FNDA:0,(anonymous_8)
FNDA:0,(anonymous_9)
FNDA:0,(anonymous_10)
FNDA:0,(anonymous_11)
FNDA:0,(anonymous_12)
FNDA:0,(anonymous_13)
FNDA:0,(anonymous_14)
FNDA:0,(anonymous_15)
FNDA:0,(anonymous_16)
FNDA:0,(anonymous_17)
FNDA:0,(anonymous_18)
FNDA:0,(anonymous_19)
FNDA:0,(anonymous_20)
FNDA:0,(anonymous_21)
FNDA:0,(anonymous_22)
FNDA:0,(anonymous_23)
FNDA:0,(anonymous_24)
FNDA:0,(anonymous_25)
FNDA:0,(anonymous_26)
FNDA:0,(anonymous_27)
FNDA:0,(anonymous_28)
FNDA:0,(anonymous_29)
FNDA:0,(anonymous_30)
FNDA:0,(anonymous_31)
FNDA:0,(anonymous_32)
FNDA:0,(anonymous_33)
FNDA:0,(anonymous_34)
FNDA:0,(anonymous_35)
FNDA:0,(anonymous_36)
FNDA:0,(anonymous_37)
FNDA:0,(anonymous_38)
FNDA:0,(anonymous_39)
FNDA:0,(anonymous_40)
FNDA:0,(anonymous_41)
FNDA:0,(anonymous_42)
FNDA:0,(anonymous_43)
DA:5,2
DA:6,2
DA:8,2
DA:36,0
DA:37,0
DA:38,0
DA:39,0
DA:40,0
DA:42,0
DA:43,0
DA:44,0
DA:47,0
DA:49,0
DA:50,0
DA:53,0
DA:54,0
DA:56,0
DA:58,0
DA:59,0
DA:61,0
DA:62,0
DA:63,0
DA:65,0
DA:66,0
DA:68,0
DA:71,0
DA:72,0
DA:73,0
DA:74,0
DA:79,0
DA:86,0
DA:89,0
DA:90,0
DA:92,0
DA:93,0
DA:94,0
DA:95,0
DA:96,0
DA:99,0
DA:100,0
DA:101,0
DA:102,0
DA:107,0
DA:108,0
DA:111,0
DA:112,0
DA:113,0
DA:114,0
DA:115,0
DA:116,0
DA:119,0
DA:120,0
DA:124,0
DA:125,0
DA:127,0
DA:128,0
DA:129,0
DA:131,0
DA:132,0
DA:133,0
DA:134,0
DA:135,0
DA:136,0
DA:140,0
DA:143,0
DA:144,0
DA:145,0
DA:148,0
DA:149,0
DA:153,0
DA:154,0
DA:155,0
DA:156,0
DA:160,0
DA:161,0
DA:162,0
DA:163,0
DA:168,0
DA:169,0
DA:170,0
DA:171,0
DA:176,0
DA:200,0
DA:202,0
DA:215,0
DA:217,0
DA:231,0
DA:233,0
DA:248,0
DA:252,0
DA:264,0
DA:319,0
DA:323,0
DA:324,0
DA:325,0
DA:345,0
DA:352,0
DA:359,0
DA:372,0
DA:379,0
LF:100
LH:3
BRDA:56,0,0,0
BRDA:56,0,1,0
BRDA:56,0,2,0
BRDA:56,0,3,0
BRDA:58,1,0,0
BRDA:58,1,1,0
BRDA:61,2,0,0
BRDA:61,2,1,0
BRDA:62,3,0,0
BRDA:62,3,1,0
BRDA:65,4,0,0
BRDA:65,4,1,0
BRDA:74,5,0,0
BRDA:74,5,1,0
BRDA:96,6,0,0
BRDA:96,6,1,0
BRDA:99,7,0,0
BRDA:99,7,1,0
BRDA:134,8,0,0
BRDA:134,8,1,0
BRDA:135,9,0,0
BRDA:135,9,1,0
BRDA:153,10,0,0
BRDA:162,11,0,0
BRDA:162,11,1,0
BRDA:170,12,0,0
BRDA:170,12,1,0
BRDA:186,13,0,0
BRDA:186,13,1,0
BRDA:193,14,0,0
BRDA:193,14,1,0
BRDA:193,14,2,0
BRDA:203,15,0,0
BRDA:203,15,1,0
BRDA:218,16,0,0
BRDA:218,16,1,0
BRDA:265,17,0,0
BRDA:265,17,1,0
BRDA:269,18,0,0
BRDA:269,18,1,0
BRDA:291,19,0,0
BRDA:291,19,1,0
BRDA:307,20,0,0
BRDA:307,20,1,0
BRDA:324,21,0,0
BRDA:324,21,1,0
BRDA:328,22,0,0
BRDA:328,22,1,0
BRF:48
BRH:0
end_of_record
TN:
SF:src/components/RecipeRating.js
FN:4,RecipeRating
FN:8,(anonymous_1)
FN:14,(anonymous_2)
FN:21,(anonymous_3)
FN:29,(anonymous_4)
FN:30,(anonymous_5)
FN:31,(anonymous_6)
FN:41,(anonymous_7)
FN:49,(anonymous_8)
FN:53,(anonymous_9)
FN:110,(anonymous_10)
FN:121,(anonymous_11)
FN:125,(anonymous_12)
FN:138,(anonymous_13)
FN:160,(anonymous_14)
FN:175,(anonymous_15)
FNF:16
FNH:3
FNDA:16,RecipeRating
FNDA:0,(anonymous_1)
FNDA:0,(anonymous_2)
FNDA:32,(anonymous_3)
FNDA:0,(anonymous_4)
FNDA:0,(anonymous_5)
FNDA:0,(anonymous_6)
FNDA:32,(anonymous_7)
FNDA:0,(anonymous_8)
FNDA:0,(anonymous_9)
FNDA:0,(anonymous_10)
FNDA:0,(anonymous_11)
FNDA:0,(anonymous_12)
FNDA:0,(anonymous_13)
FNDA:0,(anonymous_14)
FNDA:0,(anonymous_15)
DA:5,16
DA:6,16
DA:8,16
DA:9,0
DA:10,0
DA:14,16
DA:15,0
DA:16,0
DA:17,0
DA:21,16
DA:22,32
DA:23,32
DA:24,160
DA:25,160
DA:29,0
DA:30,0
DA:31,0
DA:38,32
DA:41,16
DA:42,32
DA:43,0
DA:44,0
DA:45,0
DA:46,0
DA:49,16
DA:50,0
DA:53,16
DA:54,0
DA:55,0
DA:64,16
DA:110,0
DA:121,0
DA:125,0
DA:139,0
DA:140,0
DA:147,0
DA:161,0
DA:162,0
DA:176,0
LF:39
LH:15
BRDA:4,0,0,8
BRDA:9,1,0,0
BRDA:9,1,1,0
BRDA:16,2,0,0
BRDA:16,2,1,0
BRDA:21,3,0,0
BRDA:21,4,0,0
BRDA:24,5,0,80
BRDA:24,5,1,80
BRDA:24,6,0,80
BRDA:24,6,1,80
BRDA:24,6,2,80
BRDA:28,7,0,64
BRDA:28,7,1,96
BRDA:28,8,0,80
BRDA:28,8,1,80
BRDA:29,9,0,0
BRDA:29,9,1,0
BRDA:30,10,0,0
BRDA:30,10,1,0
BRDA:31,11,0,0
BRDA:31,11,1,0
BRDA:34,12,0,64
BRDA:34,12,1,96
BRDA:42,13,0,32
BRDA:42,13,1,0
BRDA:43,14,0,0
BRDA:43,14,1,0
BRDA:44,15,0,0
BRDA:44,15,1,0
BRDA:45,16,0,0
BRDA:45,16,1,0
BRDA:86,17,0,16
BRDA:86,17,1,16
BRDA:92,18,0,16
BRDA:92,18,1,0
BRDA:101,19,0,16
BRDA:101,19,1,8
BRDA:121,20,0,0
BRDA:121,20,1,0
BRDA:134,21,0,8
BRDA:134,21,1,0
BRDA:180,22,0,0
BRDA:180,22,1,0
BRF:44
BRH:19
end_of_record
TN:
SF:src/components/SmartPlanner.js
FN:6,SmartPlanner
FN:11,(anonymous_1)
FN:15,(anonymous_2)
FN:16,(anonymous_3)
FN:23,(anonymous_4)
FN:24,(anonymous_5)
FN:25,(anonymous_6)
FN:34,(anonymous_7)
FN:35,(anonymous_8)
FN:36,(anonymous_9)
FN:49,(anonymous_10)
FN:50,(anonymous_11)
FN:58,(anonymous_12)
FN:61,(anonymous_13)
FN:62,(anonymous_14)
FN:63,(anonymous_15)
FN:65,(anonymous_16)
FN:77,(anonymous_17)
FN:84,(anonymous_18)
FN:100,(anonymous_19)
FN:101,(anonymous_20)
FN:114,(anonymous_21)
FN:116,(anonymous_22)
FN:135,(anonymous_23)
FN:159,(anonymous_24)
FN:175,(anonymous_25)
FN:181,(anonymous_26)
FN:186,(anonymous_27)
FN:216,(anonymous_28)
FN:219,(anonymous_29)
FN:220,(anonymous_30)
FN:228,(anonymous_31)
FN:257,(anonymous_32)
FN:281,(anonymous_33)
FN:295,(anonymous_34)
FN:307,(anonymous_35)
FN:313,(anonymous_36)
FN:338,(anonymous_37)
FN:339,(anonymous_38)
FN:346,(anonymous_39)
FN:362,(anonymous_40)
FN:365,(anonymous_41)
FN:368,(anonymous_42)
FN:377,(anonymous_43)
FN:392,(anonymous_44)
FNF:45
FNH:0
FNDA:0,SmartPlanner
FNDA:0,(anonymous_1)
FNDA:0,(anonymous_2)
FNDA:0,(anonymous_3)
FNDA:0,(anonymous_4)
FNDA:0,(anonymous_5)
FNDA:0,(anonymous_6)
FNDA:0,(anonymous_7)
FNDA:0,(anonymous_8)
FNDA:0,(anonymous_9)
FNDA:0,(anonymous_10)
FNDA:0,(anonymous_11)
FNDA:0,(anonymous_12)
FNDA:0,(anonymous_13)
FNDA:0,(anonymous_14)
FNDA:0,(anonymous_15)
FNDA:0,(anonymous_16)
FNDA:0,(anonymous_17)
FNDA:0,(anonymous_18)
FNDA:0,(anonymous_19)
FNDA:0,(anonymous_20)
FNDA:0,(anonymous_21)
FNDA:0,(anonymous_22)
FNDA:0,(anonymous_23)
FNDA:0,(anonymous_24)
FNDA:0,(anonymous_25)
FNDA:0,(anonymous_26)
FNDA:0,(anonymous_27)
FNDA:0,(anonymous_28)
FNDA:0,(anonymous_29)
FNDA:0,(anonymous_30)
FNDA:0,(anonymous_31)
FNDA:0,(anonymous_32)
FNDA:0,(anonymous_33)
FNDA:0,(anonymous_34)
FNDA:0,(anonymous_35)
FNDA:0,(anonymous_36)
FNDA:0,(anonymous_37)
FNDA:0,(anonymous_38)
FNDA:0,(anonymous_39)
FNDA:0,(anonymous_40)
FNDA:0,(anonymous_41)
FNDA:0,(anonymous_42)
FNDA:0,(anonymous_43)
FNDA:0,(anonymous_44)
DA:7,0
DA:8,0
DA:9,0
DA:11,0
DA:12,0
DA:15,0
DA:16,0
DA:17,0
DA:21,0
DA:23,0
DA:24,0
DA:25,0
DA:26,0
DA:30,0
DA:34,0
DA:35,0
DA:36,0
DA:37,0
DA:42,0
DA:44,0
DA:50,0
DA:51,0
DA:58,0
DA:61,0
DA:62,0
DA:63,0
DA:64,0
DA:65,0
DA:67,0
DA:72,0
DA:74,0
DA:75,0
DA:77,0
DA:78,0
DA:79,0
DA:80,0
DA:82,0
DA:84,0
DA:85,0
DA:86,0
DA:88,0
DA:89,0
DA:91,0
DA:92,0
DA:96,0
DA:97,0
DA:100,0
DA:101,0
DA:102,0
DA:103,0
DA:105,0
DA:106,0
DA:108,0
DA:114,0
DA:116,0
DA:117,0
DA:120,0
DA:121,0
DA:122,0
DA:124,0
DA:125,0
DA:131,0
DA:135,0
DA:136,0
DA:137,0
DA:138,0
DA:140,0
DA:141,0
DA:147,0
DA:151,0
DA:152,0
DA:154,0
DA:155,0
DA:159,0
DA:160,0
DA:161,0
DA:162,0
DA:172,0
DA:175,0
DA:176,0
DA:177,0
DA:178,0
DA:181,0
DA:182,0
DA:183,0
DA:186,0
DA:187,0
DA:191,0
DA:217,0
DA:219,0
DA:220,0
DA:228,0
DA:258,0
DA:282,0
DA:296,0
DA:307,0
DA:313,0
DA:338,0
DA:339,0
DA:347,0
DA:363,0
DA:366,0
DA:367,0
DA:368,0
DA:370,0
DA:377,0
DA:392,0
LF:107
LH:0
BRDA:26,0,0,0
BRDA:26,0,1,0
BRDA:37,1,0,0
BRDA:37,1,1,0
BRDA:51,2,0,0
BRDA:51,2,1,0
BRDA:64,3,0,0
BRDA:64,3,1,0
BRDA:79,4,0,0
BRDA:79,4,1,0
BRDA:82,5,0,0
BRDA:82,5,1,0
BRDA:88,6,0,0
BRDA:88,6,1,0
BRDA:103,7,0,0
BRDA:103,7,1,0
BRDA:105,8,0,0
BRDA:105,8,1,0
BRDA:117,9,0,0
BRDA:117,9,1,0
BRDA:120,10,0,0
BRDA:120,10,1,0
BRDA:121,11,0,0
BRDA:121,11,1,0
BRDA:136,12,0,0
BRDA:136,12,1,0
BRDA:137,13,0,0
BRDA:137,13,1,0
BRDA:154,14,0,0
BRDA:154,14,1,0
BRDA:160,15,0,0
BRDA:160,15,1,0
BRDA:202,16,0,0
BRDA:202,16,1,0
BRDA:208,17,0,0
BRDA:208,17,1,0
BRDA:219,18,0,0
BRDA:219,18,1,0
BRDA:228,19,0,0
BRDA:228,19,1,0
BRDA:258,20,0,0
BRDA:258,20,1,0
BRDA:275,21,0,0
BRDA:275,21,1,0
BRDA:291,22,0,0
BRDA:291,22,1,0
BRDA:302,23,0,0
BRDA:302,23,1,0
BRDA:308,24,0,0
BRDA:308,24,1,0
BRDA:314,25,0,0
BRDA:314,25,1,0
BRDA:320,26,0,0
BRDA:320,26,1,0
BRDA:337,27,0,0
BRDA:337,27,1,0
BRDA:367,28,0,0
BRDA:367,28,1,0
BRDA:368,29,0,0
BRDA:368,29,1,0
BRDA:371,30,0,0
BRDA:371,30,1,0
BRDA:373,31,0,0
BRDA:373,31,1,0
BRF:64
BRH:0
end_of_record
TN:
SF:src/components/UserPreferences.js
FN:14,UserPreferences
FN:20,(anonymous_1)
FN:22,(anonymous_2)
FN:33,(anonymous_3)
FN:34,(anonymous_4)
FN:36,(anonymous_5)
FN:40,(anonymous_6)
FN:64,(anonymous_7)
FN:67,(anonymous_8)
FN:80,(anonymous_9)
FN:81,(anonymous_10)
FN:85,(anonymous_11)
FN:92,(anonymous_12)
FN:95,(anonymous_13)
FN:110,(anonymous_14)
FN:113,(anonymous_15)
FN:126,(anonymous_16)
FN:127,(anonymous_17)
FN:131,(anonymous_18)
FN:138,(anonymous_19)
FN:141,(anonymous_20)
FN:153,(anonymous_21)
FN:156,(anonymous_22)
FN:169,(anonymous_23)
FN:170,(anonymous_24)
FN:174,(anonymous_25)
FN:181,(anonymous_26)
FN:184,(anonymous_27)
FN:199,(anonymous_28)
FN:202,(anonymous_29)
FN:215,(anonymous_30)
FN:216,(anonymous_31)
FN:220,(anonymous_32)
FN:227,(anonymous_33)
FN:230,(anonymous_34)
FNF:35
FNH:0
FNDA:0,UserPreferences
FNDA:0,(anonymous_1)
FNDA:0,(anonymous_2)
FNDA:0,(anonymous_3)
FNDA:0,(anonymous_4)
FNDA:0,(anonymous_5)
FNDA:0,(anonymous_6)
FNDA:0,(anonymous_7)
FNDA:0,(anonymous_8)
FNDA:0,(anonymous_9)
FNDA:0,(anonymous_10)
FNDA:0,(anonymous_11)
FNDA:0,(anonymous_12)
FNDA:0,(anonymous_13)
FNDA:0,(anonymous_14)
FNDA:0,(anonymous_15)
FNDA:0,(anonymous_16)
FNDA:0,(anonymous_17)
FNDA:0,(anonymous_18)
FNDA:0,(anonymous_19)
FNDA:0,(anonymous_20)
FNDA:0,(anonymous_21)
FNDA:0,(anonymous_22)
FNDA:0,(anonymous_23)
FNDA:0,(anonymous_24)
FNDA:0,(anonymous_25)
FNDA:0,(anonymous_26)
FNDA:0,(anonymous_27)
FNDA:0,(anonymous_28)
FNDA:0,(anonymous_29)
FNDA:0,(anonymous_30)
FNDA:0,(anonymous_31)
FNDA:0,(anonymous_32)
FNDA:0,(anonymous_33)
FNDA:0,(anonymous_34)
DA:5,2
DA:9,2
DA:15,0
DA:16,0
DA:17,0
DA:18,0
DA:20,0
DA:21,0
DA:22,0
DA:26,0
DA:27,0
DA:28,0
DA:29,0
DA:33,0
DA:34,0
DA:36,0
DA:40,0
DA:41,0
DA:42,0
DA:46,0
DA:65,0
DA:67,0
DA:80,0
DA:81,0
DA:85,0
DA:93,0
DA:95,0
DA:111,0
DA:113,0
DA:126,0
DA:127,0
DA:131,0
DA:139,0
DA:141,0
DA:154,0
DA:156,0
DA:169,0
DA:170,0
DA:174,0
DA:182,0
DA:184,0
DA:200,0
DA:202,0
DA:215,0
DA:216,0
DA:220,0
DA:228,0
DA:230,0
LF:48
LH:2
BRDA:21,0,0,0
BRDA:21,0,1,0
BRDA:24,1,0,0
BRDA:24,1,1,0
BRDA:26,2,0,0
BRDA:26,2,1,0
BRDA:27,3,0,0
BRDA:27,3,1,0
BRDA:28,4,0,0
BRDA:28,4,1,0
BRDA:29,5,0,0
BRDA:29,5,1,0
BRDA:36,6,0,0
BRDA:36,6,1,0
BRDA:41,7,0,0
BRDA:41,7,1,0
BRDA:68,8,0,0
BRDA:68,8,1,0
BRDA:81,9,0,0
BRDA:81,9,1,0
BRDA:114,10,0,0
BRDA:114,10,1,0
BRDA:127,11,0,0
BRDA:127,11,1,0
BRDA:157,12,0,0
BRDA:157,12,1,0
BRDA:170,13,0,0
BRDA:170,13,1,0
BRDA:203,14,0,0
BRDA:203,14,1,0
BRDA:216,15,0,0
BRDA:216,15,1,0
BRF:32
BRH:0
end_of_record
TN:
SF:src/data/recipes.js
FN:297,(anonymous_0)
FN:313,(anonymous_1)
FN:314,(anonymous_2)
FN:317,(anonymous_3)
FN:318,(anonymous_4)
FN:328,(anonymous_5)
FN:329,(anonymous_6)
FN:339,(anonymous_7)
FN:349,(anonymous_8)
FN:354,(anonymous_9)
FN:355,(anonymous_10)
FN:365,(anonymous_11)
FNF:12
FNH:12
FNDA:2,(anonymous_0)
FNDA:4,(anonymous_1)
FNDA:15,(anonymous_2)
FNDA:1,(anonymous_3)
FNDA:1,(anonymous_4)
FNDA:2,(anonymous_5)
FNDA:2,(anonymous_6)
FNDA:1,(anonymous_7)
FNDA:2,(anonymous_8)
FNDA:2,(anonymous_9)
FNDA:2,(anonymous_10)
FNDA:1,(anonymous_11)
DA:1,4
DA:292,4
DA:297,4
DA:298,2
DA:300,2
DA:313,4
DA:314,4
DA:316,15
DA:317,1
DA:318,1
DA:319,1
DA:323,1
DA:327,14
DA:328,1
DA:329,2
DA:330,2
DA:334,1
DA:338,13
DA:339,1
DA:340,1
DA:342,1
DA:345,13
DA:349,4
DA:350,2
DA:353,2
DA:354,1
DA:355,2
DA:356,2
DA:360,1
DA:364,2
DA:365,1
DA:366,1
DA:368,1
DA:372,2
DA:374,2
LF:35
LH:35
BRDA:316,0,0,1
BRDA:316,0,1,14
BRDA:319,1,0,1
BRDA:319,1,1,0
BRDA:323,2,0,1
BRDA:323,2,1,0
BRDA:327,3,0,1
BRDA:327,3,1,13
BRDA:330,4,0,2
BRDA:330,4,1,1
BRDA:334,5,0,1
BRDA:334,5,1,0
BRDA:338,6,0,1
BRDA:338,6,1,12
BRDA:342,7,0,0
BRDA:342,7,1,1
BRDA:353,8,0,1
BRDA:353,8,1,1
BRDA:356,9,0,2
BRDA:356,9,1,1
BRDA:364,10,0,1
BRDA:364,10,1,1
BRF:22
BRH:18
end_of_record
